2020-06-15 11:24:58 INFO  PluginTasksProjectComponent.projectOpened(77) - ---------- Project opened ----------
2020-06-15 11:24:58 INFO  PluginTasksProjectComponent.projectOpened(78) - ---------- Version 3.38 ----------

2020-06-15 11:24:58 INFO  PluginTasksProjectComponent.setAutoscrolls(366) - Autoscrolls successfully set
2020-06-15 11:24:59 INFO  ApacheHttpClient.isSessionAppropriateWithSecretKey(581) - The session is not set in the property file.
2020-06-15 11:24:59 INFO  ApacheHttpClient.logout(625) - Waiting for server response.
2020-06-15 11:24:59 INFO  ApacheHttpClient.login(247) - Waiting for server response.
2020-06-15 11:24:59 INFO  ApacheHttpClient.login(251) - responseCode = 200
2020-06-15 11:24:59 INFO  ApacheHttpClient.login(274) - JSESSIONID OK
2020-06-15 11:24:59 INFO  ApacheHttpClient.refreshUserInfo(302) - responseCode = 200
2020-06-15 11:24:59 INFO  ApacheHttpClient.refreshUserInfo(308) - User information received.
2020-06-15 11:24:59 INFO  ApacheHttpClient.startGA(35) - GAService started.
2020-06-15 11:24:59 INFO  AbstractRestApiClient.startService(71) - EventsService started.
2020-06-15 11:25:06 INFO  ApacheHttpClient.getWebResourceAsStream(494) - responseCode = 200
2020-06-15 11:25:06 INFO  ApacheHttpClient.getFilteredTasks(333) - responseCode = 200
2020-06-15 11:25:17 INFO  PluginTasksProjectComponent.projectClosing(188) - ---------- Project closed ----------

2020-06-15 11:25:19 INFO  ApacheHttpClient.getWebResourceAsStream(494) - responseCode = 200
2020-06-15 11:25:19 WARN  PluginUtil.isProjectStructureCorrect(344) - The project structure is invalid.
2020-06-15 11:25:28 INFO  PluginTasksProjectComponent.projectClosing(188) - ---------- Project closed ----------

2020-06-15 11:25:32 INFO  PluginTasksProjectComponent.projectOpened(77) - ---------- Project opened ----------
2020-06-15 11:25:32 INFO  PluginTasksProjectComponent.projectOpened(78) - ---------- Version 3.38 ----------

2020-06-15 11:25:32 INFO  ApacheHttpClient.isSessionAppropriateWithSecretKey(594) - Waiting for server response.
2020-06-15 11:25:32 INFO  ApacheHttpClient.logout(625) - Waiting for server response.
2020-06-15 11:25:32 INFO  ApacheHttpClient.login(247) - Waiting for server response.
2020-06-15 11:25:32 INFO  ApacheHttpClient.login(251) - responseCode = 200
2020-06-15 11:25:32 INFO  ApacheHttpClient.login(274) - JSESSIONID OK
2020-06-15 11:25:33 INFO  ApacheHttpClient.refreshUserInfo(302) - responseCode = 200
2020-06-15 11:25:33 INFO  ApacheHttpClient.refreshUserInfo(308) - User information received.
2020-06-15 11:25:33 INFO  ApacheHttpClient.startGA(35) - GAService started.
2020-06-15 11:25:33 WARN  PluginUtil.isProjectStructureCorrect(344) - The project structure is invalid.
2020-06-15 11:25:36 INFO  ApacheHttpClient.getWebResourceAsStream(494) - responseCode = 200
2020-06-15 11:25:36 WARN  PluginUtil.isProjectStructureCorrect(344) - The project structure is invalid.
2020-06-15 11:26:53 INFO  ApacheHttpClient.getWebResourceAsStream(494) - responseCode = 200
2020-06-15 11:26:53 WARN  PluginUtil.isProjectStructureCorrect(344) - The project structure is invalid.
2020-06-15 11:27:24 INFO  PluginTasksProjectComponent.projectClosing(188) - ---------- Project closed ----------

2020-06-15 11:27:26 INFO  PluginTasksProjectComponent.projectOpened(77) - ---------- Project opened ----------
2020-06-15 11:27:26 INFO  PluginTasksProjectComponent.projectOpened(77) - ---------- Project opened ----------
2020-06-15 11:27:26 INFO  PluginTasksProjectComponent.projectOpened(78) - ---------- Version 3.38 ----------

2020-06-15 11:27:26 INFO  PluginTasksProjectComponent.projectOpened(78) - ---------- Version 3.38 ----------

2020-06-15 11:27:26 INFO  PluginTasksProjectComponent.setAutoscrolls(366) - Autoscrolls successfully set
2020-06-15 11:27:26 INFO  PluginTasksProjectComponent.setAutoscrolls(366) - Autoscrolls successfully set
2020-06-15 11:27:26 INFO  ApacheHttpClient.isSessionAppropriateWithSecretKey(594) - Waiting for server response.
2020-06-15 11:27:26 INFO  ApacheHttpClient.isSessionAppropriateWithSecretKey(594) - Waiting for server response.
2020-06-15 11:27:26 INFO  ApacheHttpClient.refreshUserInfo(302) - responseCode = 200
2020-06-15 11:27:26 INFO  ApacheHttpClient.refreshUserInfo(302) - responseCode = 200
2020-06-15 11:27:26 INFO  ApacheHttpClient.refreshUserInfo(308) - User information received.
2020-06-15 11:27:26 INFO  ApacheHttpClient.refreshUserInfo(308) - User information received.
2020-06-15 11:27:26 INFO  ApacheHttpClient.startGA(35) - GAService started.
2020-06-15 11:27:26 INFO  ApacheHttpClient.startGA(35) - GAService started.
2020-06-15 11:27:26 INFO  AbstractRestApiClient.startService(71) - EventsService started.
2020-06-15 11:27:26 INFO  AbstractRestApiClient.startService(71) - EventsService started.
2020-06-15 11:27:29 INFO  ApacheHttpClient.getWebResourceAsStream(494) - responseCode = 200
2020-06-15 11:27:29 INFO  ApacheHttpClient.getWebResourceAsStream(494) - responseCode = 200
2020-06-15 11:27:29 INFO  ApacheHttpClient.getFilteredTasks(333) - responseCode = 200
2020-06-15 11:27:29 INFO  ApacheHttpClient.getFilteredTasks(333) - responseCode = 200
2020-06-15 11:28:23 INFO  PluginTasksProjectComponent.projectClosing(188) - ---------- Project closed ----------

2020-06-15 11:28:23 INFO  PluginTasksProjectComponent.projectClosing(188) - ---------- Project closed ----------

2020-06-15 11:28:23 INFO  PluginTasksProjectComponent.projectOpened(77) - ---------- Project opened ----------
2020-06-15 11:28:23 INFO  PluginTasksProjectComponent.projectOpened(77) - ---------- Project opened ----------
2020-06-15 11:28:23 INFO  PluginTasksProjectComponent.projectOpened(78) - ---------- Version 3.38 ----------

2020-06-15 11:28:23 INFO  PluginTasksProjectComponent.projectOpened(78) - ---------- Version 3.38 ----------

2020-06-15 11:28:23 INFO  PluginTasksProjectComponent.setAutoscrolls(366) - Autoscrolls successfully set
2020-06-15 11:28:23 INFO  PluginTasksProjectComponent.setAutoscrolls(366) - Autoscrolls successfully set
2020-06-15 11:28:24 INFO  ApacheHttpClient.isSessionAppropriateWithSecretKey(594) - Waiting for server response.
2020-06-15 11:28:24 INFO  ApacheHttpClient.isSessionAppropriateWithSecretKey(594) - Waiting for server response.
2020-06-15 11:28:24 INFO  ApacheHttpClient.refreshUserInfo(302) - responseCode = 200
2020-06-15 11:28:24 INFO  ApacheHttpClient.refreshUserInfo(302) - responseCode = 200
2020-06-15 11:28:24 INFO  ApacheHttpClient.refreshUserInfo(308) - User information received.
2020-06-15 11:28:24 INFO  ApacheHttpClient.refreshUserInfo(308) - User information received.
2020-06-15 11:28:24 INFO  ApacheHttpClient.startGA(35) - GAService started.
2020-06-15 11:28:24 INFO  ApacheHttpClient.startGA(35) - GAService started.
2020-06-15 11:28:24 WARN  PluginUtil.isProjectStructureCorrect(344) - The project structure is invalid.
2020-06-15 11:28:24 WARN  PluginUtil.isProjectStructureCorrect(344) - The project structure is invalid.
2020-06-15 11:28:28 INFO  ApacheHttpClient.getWebResourceAsStream(494) - responseCode = 200
2020-06-15 11:28:28 INFO  ApacheHttpClient.getWebResourceAsStream(494) - responseCode = 200
2020-06-15 11:28:28 WARN  PluginUtil.isProjectStructureCorrect(344) - The project structure is invalid.
2020-06-15 11:28:28 WARN  PluginUtil.isProjectStructureCorrect(344) - The project structure is invalid.
2020-06-15 11:28:33 INFO  ApacheHttpClient.getWebResourceAsStream(494) - responseCode = 200
2020-06-15 11:28:33 INFO  ApacheHttpClient.getWebResourceAsStream(494) - responseCode = 200
2020-06-15 11:28:33 WARN  PluginUtil.isProjectStructureCorrect(344) - The project structure is invalid.
2020-06-15 11:28:33 WARN  PluginUtil.isProjectStructureCorrect(344) - The project structure is invalid.
2020-06-15 11:28:43 INFO  PluginTasksProjectComponent.projectClosing(188) - ---------- Project closed ----------

2020-06-15 11:28:43 INFO  PluginTasksProjectComponent.projectClosing(188) - ---------- Project closed ----------

2020-06-15 11:30:07 INFO  PluginTasksProjectComponent.projectOpened(77) - ---------- Project opened ----------
2020-06-15 11:30:07 INFO  PluginTasksProjectComponent.projectOpened(78) - ---------- Version 3.38 ----------

2020-06-15 11:30:07 INFO  ApacheHttpClient.createAsyncHttpClient(143) - 1 proxies selected. Type: DIRECT
2020-06-15 11:30:07 INFO  ApacheHttpClient.<init>(94) - ApacheHttpClient was successfully instantiated.
2020-06-15 11:30:07 INFO  ApacheHttpClient.testConnection(202) - responseCode = 200
2020-06-15 11:30:07 INFO  ApacheHttpClient.testConnection(217) - result = true
2020-06-15 11:30:11 INFO  ApacheHttpClient.isSessionAppropriateWithSecretKey(594) - Waiting for server response.
2020-06-15 11:30:12 INFO  ApacheHttpClient.refreshUserInfo(302) - responseCode = 200
2020-06-15 11:30:12 INFO  ApacheHttpClient.refreshUserInfo(308) - User information received.
2020-06-15 11:30:12 INFO  ApacheHttpClient.startGA(35) - GAService started.
2020-06-15 11:30:12 INFO  AbstractRestApiClient.startService(71) - EventsService started.
2020-06-15 11:30:33 INFO  ApacheHttpClient.getWebResourceAsStream(494) - responseCode = 200
2020-06-15 11:30:34 INFO  ApacheHttpClient.getFilteredTasks(333) - responseCode = 200
2020-06-15 11:32:26 INFO  ApacheHttpClient.getWebResourceAsStream(494) - responseCode = 200
2020-06-15 11:32:27 INFO  ApacheHttpClient.getFilteredTasks(333) - responseCode = 200
2020-06-15 11:32:32 INFO  ApacheHttpClient.getFilteredTasks(333) - responseCode = 200
2020-06-15 11:32:36 INFO  ApacheHttpClient.getFilteredTasks(333) - responseCode = 200
2020-06-15 11:32:39 INFO  ApacheHttpClient.getFilteredTasks(333) - responseCode = 200
2020-06-15 11:32:42 INFO  ApacheHttpClient.getFilteredTasks(333) - responseCode = 200
2020-06-15 11:32:44 INFO  ApacheHttpClient.getFilteredTasks(333) - responseCode = 200
2020-06-15 11:32:48 INFO  ApacheHttpClient.getFilteredTasks(333) - responseCode = 200
2020-06-15 11:34:12 INFO  ApacheHttpClient.getTaskTemplateInfo(350) - responseCode = 200
2020-06-15 11:34:12 INFO  ApacheHttpClient.sendEvent(527) - responseCode = 200
2020-06-15 11:34:12 INFO  ApacheHttpClient.getWebResourceAsStream(494) - responseCode = 200
2020-06-15 11:35:12 INFO  ApacheHttpClient.sendEvent(527) - responseCode = 200
2020-06-15 11:36:12 INFO  ApacheHttpClient.sendEvent(527) - responseCode = 200
2020-06-15 11:37:12 INFO  ApacheHttpClient.sendEvent(527) - responseCode = 200
2020-06-15 11:38:12 INFO  ApacheHttpClient.sendEvent(527) - responseCode = 200
2020-06-15 11:39:12 INFO  ApacheHttpClient.sendEvent(527) - responseCode = 200
2020-06-15 11:39:53 INFO  ApacheHttpClient.getWebResourceAsStream(494) - responseCode = 200
2020-06-15 11:39:54 INFO  ApacheHttpClient.getTask(480) - responseCode = 200
2020-06-15 11:39:54 INFO  ApacheHttpClient.getWebResourceAsStream(494) - responseCode = 200
2020-06-15 11:39:56 INFO  ApacheHttpClient.completed(28) - responseCode = 200
2020-06-15 11:39:56 INFO  ApacheHttpClient.getTask(480) - responseCode = 200
2020-06-15 11:40:07 INFO  ApacheHttpClient.getWebResourceAsStream(494) - responseCode = 200
2020-06-15 11:40:07 INFO  ApacheHttpClient.getFilteredTasks(333) - responseCode = 200
2020-06-15 11:40:11 INFO  ApacheHttpClient.getWebResourceAsStream(494) - responseCode = 200
2020-06-15 11:40:11 INFO  ApacheHttpClient.getFilteredTasks(333) - responseCode = 200
2020-06-15 11:40:12 INFO  ApacheHttpClient.sendEvent(527) - responseCode = 200
2020-06-15 11:40:13 INFO  ApacheHttpClient.getTaskTemplateInfo(350) - responseCode = 200
2020-06-15 11:40:18 INFO  ApacheHttpClient.getWebResourceAsStream(494) - responseCode = 200
2020-06-15 11:41:12 INFO  ApacheHttpClient.sendEvent(527) - responseCode = 200
2020-06-15 11:42:12 INFO  ApacheHttpClient.sendEvent(527) - responseCode = 200
2020-06-15 11:43:12 INFO  ApacheHttpClient.sendEvent(527) - responseCode = 200
2020-06-15 11:44:12 INFO  ApacheHttpClient.sendEvent(527) - responseCode = 200
2020-06-15 11:45:12 INFO  ApacheHttpClient.sendEvent(527) - responseCode = 200
2020-06-15 11:46:12 INFO  ApacheHttpClient.sendEvent(527) - responseCode = 200
2020-06-15 11:47:12 INFO  ApacheHttpClient.sendEvent(527) - responseCode = 200
2020-06-15 11:48:12 INFO  ApacheHttpClient.sendEvent(527) - responseCode = 200
2020-06-15 11:49:12 INFO  ApacheHttpClient.sendEvent(527) - responseCode = 200
2020-06-15 11:50:12 INFO  ApacheHttpClient.sendEvent(527) - responseCode = 200
2020-06-15 11:50:28 INFO  ApacheHttpClient.getWebResourceAsStream(494) - responseCode = 200
2020-06-15 11:50:29 INFO  ApacheHttpClient.getTask(480) - responseCode = 200
2020-06-15 11:50:29 INFO  ApacheHttpClient.completed(28) - responseCode = 200
2020-06-15 11:50:29 INFO  ApacheHttpClient.getTask(480) - responseCode = 200
2020-06-15 11:50:31 INFO  ApacheHttpClient.getWebResourceAsStream(494) - responseCode = 200
2020-06-15 11:51:12 INFO  ApacheHttpClient.sendEvent(527) - responseCode = 200
2020-06-15 11:52:07 INFO  ApacheHttpClient.getWebResourceAsStream(494) - responseCode = 200
2020-06-15 11:52:08 INFO  ApacheHttpClient.getFilteredTasks(333) - responseCode = 200
2020-06-15 11:52:11 INFO  ApacheHttpClient.getTaskTemplateInfo(350) - responseCode = 200
2020-06-15 11:52:12 INFO  ApacheHttpClient.sendEvent(527) - responseCode = 200
2020-06-15 11:52:17 INFO  ApacheHttpClient.getWebResourceAsStream(494) - responseCode = 200
2020-06-15 11:53:12 INFO  ApacheHttpClient.sendEvent(527) - responseCode = 200
2020-06-15 11:54:12 INFO  ApacheHttpClient.sendEvent(527) - responseCode = 200
2020-06-15 11:55:12 INFO  ApacheHttpClient.sendEvent(527) - responseCode = 200
2020-06-15 11:56:12 INFO  ApacheHttpClient.sendEvent(527) - responseCode = 200
2020-06-15 11:57:12 INFO  ApacheHttpClient.sendEvent(527) - responseCode = 200
2020-06-15 11:58:12 INFO  ApacheHttpClient.sendEvent(527) - responseCode = 200
2020-06-15 11:59:12 INFO  ApacheHttpClient.sendEvent(527) - responseCode = 200
2020-06-15 12:00:12 INFO  ApacheHttpClient.sendEvent(527) - responseCode = 200
2020-06-15 12:00:18 INFO  ApacheHttpClient.getWebResourceAsStream(494) - responseCode = 200
2020-06-15 12:00:18 INFO  ApacheHttpClient.getTask(480) - responseCode = 200
2020-06-15 12:00:18 INFO  ApacheHttpClient.getWebResourceAsStream(494) - responseCode = 200
2020-06-15 12:00:20 INFO  ApacheHttpClient.completed(28) - responseCode = 200
2020-06-15 12:00:20 INFO  ApacheHttpClient.getTask(480) - responseCode = 200
2020-06-15 12:00:23 INFO  ApacheHttpClient.getWebResourceAsStream(494) - responseCode = 200
2020-06-15 12:00:23 INFO  ApacheHttpClient.getFilteredTasks(333) - responseCode = 200
2020-06-15 12:00:25 INFO  ApacheHttpClient.getTaskTemplateInfo(350) - responseCode = 200
2020-06-15 12:00:26 INFO  ApacheHttpClient.getWebResourceAsStream(494) - responseCode = 200
2020-06-15 12:01:12 INFO  ApacheHttpClient.sendEvent(527) - responseCode = 200
2020-06-15 12:02:12 INFO  ApacheHttpClient.sendEvent(527) - responseCode = 200
2020-06-15 12:03:12 INFO  ApacheHttpClient.sendEvent(527) - responseCode = 200
2020-06-15 12:04:12 INFO  ApacheHttpClient.sendEvent(527) - responseCode = 200
2020-06-15 12:05:12 INFO  ApacheHttpClient.sendEvent(527) - responseCode = 200
2020-06-15 12:06:12 INFO  ApacheHttpClient.sendEvent(527) - responseCode = 200
2020-06-15 12:07:12 INFO  ApacheHttpClient.sendEvent(527) - responseCode = 200
2020-06-15 12:08:12 INFO  ApacheHttpClient.sendEvent(527) - responseCode = 200
2020-06-15 12:09:12 INFO  ApacheHttpClient.sendEvent(527) - responseCode = 200
2020-06-15 12:10:12 INFO  ApacheHttpClient.sendEvent(527) - responseCode = 200
2020-06-15 12:11:12 INFO  ApacheHttpClient.sendEvent(527) - responseCode = 200
2020-06-15 12:12:12 INFO  ApacheHttpClient.sendEvent(527) - responseCode = 200
2020-06-15 12:12:29 INFO  ApacheHttpClient.getWebResourceAsStream(494) - responseCode = 200
2020-06-15 12:12:29 INFO  ApacheHttpClient.getWebResourceAsStream(494) - responseCode = 200
2020-06-15 12:12:29 INFO  ApacheHttpClient.getTask(480) - responseCode = 200
2020-06-15 12:12:31 INFO  ApacheHttpClient.completed(28) - responseCode = 200
2020-06-15 12:12:31 INFO  ApacheHttpClient.getTask(480) - responseCode = 200
2020-06-15 12:12:47 INFO  ApacheHttpClient.getWebResourceAsStream(494) - responseCode = 200
2020-06-15 12:12:47 INFO  ApacheHttpClient.getFilteredTasks(333) - responseCode = 200
2020-06-15 12:12:54 INFO  ApacheHttpClient.getTaskTemplateInfo(350) - responseCode = 200
2020-06-15 12:12:58 INFO  ApacheHttpClient.getWebResourceAsStream(494) - responseCode = 200
2020-06-15 12:13:12 INFO  ApacheHttpClient.sendEvent(527) - responseCode = 200
2020-06-15 12:14:12 INFO  ApacheHttpClient.sendEvent(527) - responseCode = 200
2020-06-15 12:14:12 INFO  ApacheHttpClient.sendEvent(527) - responseCode = 200
2020-06-15 12:15:12 INFO  ApacheHttpClient.sendEvent(527) - responseCode = 200
2020-06-15 12:15:12 INFO  ApacheHttpClient.sendEvent(527) - responseCode = 200
2020-06-15 12:16:12 INFO  ApacheHttpClient.sendEvent(527) - responseCode = 200
2020-06-15 12:17:12 INFO  ApacheHttpClient.sendEvent(527) - responseCode = 200
2020-06-15 12:17:41 INFO  ApacheHttpClient.getWebResourceAsStream(494) - responseCode = 200
2020-06-15 12:17:41 INFO  ApacheHttpClient.getTask(480) - responseCode = 200
2020-06-15 12:17:42 INFO  ApacheHttpClient.completed(28) - responseCode = 200
2020-06-15 12:17:42 INFO  ApacheHttpClient.getTask(480) - responseCode = 200
2020-06-15 12:17:43 INFO  ApacheHttpClient.getWebResourceAsStream(494) - responseCode = 200
2020-06-15 12:17:52 INFO  ApacheHttpClient.getWebResourceAsStream(494) - responseCode = 200
2020-06-15 12:17:52 INFO  ApacheHttpClient.getFilteredTasks(333) - responseCode = 200
2020-06-15 12:18:12 INFO  ApacheHttpClient.sendEvent(527) - responseCode = 200
2020-06-15 12:19:12 INFO  ApacheHttpClient.sendEvent(527) - responseCode = 200
2020-06-15 12:20:12 INFO  ApacheHttpClient.sendEvent(527) - responseCode = 200
2020-06-15 12:21:12 INFO  ApacheHttpClient.sendEvent(527) - responseCode = 200
2020-06-15 12:22:12 INFO  ApacheHttpClient.sendEvent(527) - responseCode = 200
2020-06-15 12:23:12 INFO  ApacheHttpClient.sendEvent(527) - responseCode = 200
2020-06-15 12:24:12 INFO  ApacheHttpClient.sendEvent(527) - responseCode = 200
2020-06-15 12:24:25 INFO  ApacheHttpClient.getTaskTemplateInfo(350) - responseCode = 200
2020-06-15 12:24:30 INFO  ApacheHttpClient.getWebResourceAsStream(494) - responseCode = 200
2020-06-15 12:25:12 INFO  ApacheHttpClient.sendEvent(527) - responseCode = 200
2020-06-15 12:26:12 INFO  ApacheHttpClient.sendEvent(527) - responseCode = 200
2020-06-15 12:27:12 INFO  ApacheHttpClient.sendEvent(527) - responseCode = 200
2020-06-15 12:28:12 INFO  ApacheHttpClient.sendEvent(527) - responseCode = 200
2020-06-15 12:29:12 INFO  ApacheHttpClient.sendEvent(527) - responseCode = 200
2020-06-15 12:30:12 INFO  ApacheHttpClient.sendEvent(527) - responseCode = 200
2020-06-15 12:31:12 INFO  ApacheHttpClient.sendEvent(527) - responseCode = 200
2020-06-15 12:32:12 INFO  ApacheHttpClient.sendEvent(527) - responseCode = 200
2020-06-15 12:33:12 INFO  ApacheHttpClient.sendEvent(527) - responseCode = 200
2020-06-15 12:34:12 INFO  ApacheHttpClient.sendEvent(527) - responseCode = 200
2020-06-15 12:35:12 INFO  ApacheHttpClient.sendEvent(527) - responseCode = 200
2020-06-15 12:36:12 INFO  ApacheHttpClient.sendEvent(527) - responseCode = 200
2020-06-15 12:37:12 INFO  ApacheHttpClient.sendEvent(527) - responseCode = 200
2020-06-15 12:38:12 INFO  ApacheHttpClient.sendEvent(527) - responseCode = 200
2020-06-15 12:39:12 INFO  ApacheHttpClient.sendEvent(527) - responseCode = 200
2020-06-15 12:40:12 INFO  ApacheHttpClient.sendEvent(527) - responseCode = 200
2020-06-15 12:41:12 INFO  ApacheHttpClient.sendEvent(527) - responseCode = 200
2020-06-15 12:42:12 INFO  ApacheHttpClient.sendEvent(527) - responseCode = 200
2020-06-15 12:43:12 INFO  ApacheHttpClient.sendEvent(527) - responseCode = 200
2020-06-15 12:44:12 INFO  ApacheHttpClient.sendEvent(527) - responseCode = 200
2020-06-15 12:45:12 INFO  ApacheHttpClient.sendEvent(527) - responseCode = 200
2020-06-15 12:46:12 INFO  ApacheHttpClient.sendEvent(527) - responseCode = 200
2020-06-15 12:47:12 INFO  ApacheHttpClient.sendEvent(527) - responseCode = 200
2020-06-15 12:48:12 INFO  ApacheHttpClient.sendEvent(527) - responseCode = 200
2020-06-15 12:49:12 INFO  ApacheHttpClient.sendEvent(527) - responseCode = 200
2020-06-15 12:50:12 INFO  ApacheHttpClient.sendEvent(527) - responseCode = 200
2020-06-15 12:51:12 INFO  ApacheHttpClient.sendEvent(527) - responseCode = 200
2020-06-15 12:51:12 INFO  ApacheHttpClient.getWebResourceAsStream(494) - responseCode = 200
2020-06-15 12:51:12 INFO  ApacheHttpClient.getTask(480) - responseCode = 200
2020-06-15 12:51:13 INFO  ApacheHttpClient.getWebResourceAsStream(494) - responseCode = 200
2020-06-15 12:51:13 INFO  ApacheHttpClient.completed(28) - responseCode = 200
2020-06-15 12:51:52 INFO  ApacheHttpClient.getWebResourceAsStream(494) - responseCode = 200
2020-06-15 12:51:53 INFO  ApacheHttpClient.getTask(480) - responseCode = 200
2020-06-15 12:51:53 INFO  ApacheHttpClient.getWebResourceAsStream(494) - responseCode = 200
2020-06-15 12:51:54 INFO  ApacheHttpClient.completed(28) - responseCode = 200
2020-06-15 12:51:54 INFO  ApacheHttpClient.getTask(480) - responseCode = 200
2020-06-15 12:51:58 INFO  ApacheHttpClient.getWebResourceAsStream(494) - responseCode = 200
2020-06-15 12:51:58 INFO  ApacheHttpClient.getFilteredTasks(333) - responseCode = 200
2020-06-15 12:52:03 INFO  ApacheHttpClient.getTaskTemplateInfo(350) - responseCode = 200
2020-06-15 12:52:04 INFO  ApacheHttpClient.getWebResourceAsStream(494) - responseCode = 200
2020-06-15 12:52:12 INFO  ApacheHttpClient.sendEvent(527) - responseCode = 200
2020-06-15 12:53:12 INFO  ApacheHttpClient.sendEvent(527) - responseCode = 200
2020-06-15 12:54:12 INFO  ApacheHttpClient.sendEvent(527) - responseCode = 200
2020-06-15 12:55:12 INFO  ApacheHttpClient.sendEvent(527) - responseCode = 200
2020-06-15 12:56:12 INFO  ApacheHttpClient.sendEvent(527) - responseCode = 200
2020-06-15 12:57:12 INFO  ApacheHttpClient.sendEvent(527) - responseCode = 200
2020-06-15 12:58:12 INFO  ApacheHttpClient.sendEvent(527) - responseCode = 200
2020-06-15 12:59:12 INFO  ApacheHttpClient.sendEvent(527) - responseCode = 200
2020-06-15 13:00:12 INFO  ApacheHttpClient.sendEvent(527) - responseCode = 200
2020-06-15 13:01:12 INFO  ApacheHttpClient.sendEvent(527) - responseCode = 200
2020-06-15 13:02:12 INFO  ApacheHttpClient.sendEvent(527) - responseCode = 200
2020-06-15 13:03:12 INFO  ApacheHttpClient.sendEvent(527) - responseCode = 200
2020-06-15 13:04:12 INFO  ApacheHttpClient.sendEvent(527) - responseCode = 200
2020-06-15 13:05:12 INFO  ApacheHttpClient.sendEvent(527) - responseCode = 200
2020-06-15 13:06:12 INFO  ApacheHttpClient.sendEvent(527) - responseCode = 200
2020-06-15 13:07:12 INFO  ApacheHttpClient.sendEvent(527) - responseCode = 200
2020-06-15 13:08:12 INFO  ApacheHttpClient.sendEvent(527) - responseCode = 200
2020-06-15 13:09:12 INFO  ApacheHttpClient.sendEvent(527) - responseCode = 200
2020-06-15 13:10:12 INFO  ApacheHttpClient.sendEvent(527) - responseCode = 200
2020-06-15 13:11:12 INFO  ApacheHttpClient.sendEvent(527) - responseCode = 200
2020-06-15 13:12:12 INFO  ApacheHttpClient.sendEvent(527) - responseCode = 200
2020-06-15 13:13:12 INFO  ApacheHttpClient.sendEvent(527) - responseCode = 200
2020-06-15 13:14:12 INFO  ApacheHttpClient.sendEvent(527) - responseCode = 200
2020-06-15 13:15:12 INFO  ApacheHttpClient.sendEvent(527) - responseCode = 200
2020-06-15 13:16:12 INFO  ApacheHttpClient.sendEvent(527) - responseCode = 200
2020-06-15 13:17:12 INFO  ApacheHttpClient.sendEvent(527) - responseCode = 200
2020-06-15 13:18:12 INFO  ApacheHttpClient.sendEvent(527) - responseCode = 200
2020-06-15 13:19:12 INFO  ApacheHttpClient.sendEvent(527) - responseCode = 200
2020-06-15 13:20:12 INFO  ApacheHttpClient.sendEvent(527) - responseCode = 200
2020-06-15 13:21:12 INFO  ApacheHttpClient.sendEvent(527) - responseCode = 200
2020-06-15 13:22:12 INFO  ApacheHttpClient.sendEvent(527) - responseCode = 200
2020-06-15 13:23:12 INFO  ApacheHttpClient.sendEvent(527) - responseCode = 200
2020-06-15 13:24:12 INFO  ApacheHttpClient.sendEvent(527) - responseCode = 200
2020-06-15 13:25:12 INFO  ApacheHttpClient.sendEvent(527) - responseCode = 200
2020-06-15 13:26:12 INFO  ApacheHttpClient.sendEvent(527) - responseCode = 200
2020-06-15 13:27:12 INFO  ApacheHttpClient.sendEvent(527) - responseCode = 200
2020-06-15 13:28:12 INFO  ApacheHttpClient.sendEvent(527) - responseCode = 200
2020-06-15 13:29:12 INFO  ApacheHttpClient.sendEvent(527) - responseCode = 200
2020-06-15 13:30:12 INFO  ApacheHttpClient.sendEvent(527) - responseCode = 200
2020-06-15 13:31:12 INFO  ApacheHttpClient.sendEvent(527) - responseCode = 200
2020-06-15 13:32:12 INFO  ApacheHttpClient.sendEvent(527) - responseCode = 200
2020-06-15 13:33:12 INFO  ApacheHttpClient.sendEvent(527) - responseCode = 200
2020-06-15 13:34:12 INFO  ApacheHttpClient.sendEvent(527) - responseCode = 200
2020-06-15 13:35:12 INFO  ApacheHttpClient.sendEvent(527) - responseCode = 200
2020-06-15 13:36:12 INFO  ApacheHttpClient.sendEvent(527) - responseCode = 200
2020-06-15 13:37:12 INFO  ApacheHttpClient.sendEvent(527) - responseCode = 200
2020-06-15 13:38:12 INFO  ApacheHttpClient.sendEvent(527) - responseCode = 200
2020-06-15 13:39:12 INFO  ApacheHttpClient.sendEvent(527) - responseCode = 200
2020-06-15 13:40:12 INFO  ApacheHttpClient.sendEvent(527) - responseCode = 200
2020-06-15 13:41:12 INFO  ApacheHttpClient.sendEvent(527) - responseCode = 200
2020-06-15 13:42:12 INFO  ApacheHttpClient.sendEvent(527) - responseCode = 200
2020-06-15 13:43:12 INFO  ApacheHttpClient.sendEvent(527) - responseCode = 200
2020-06-15 13:44:12 INFO  ApacheHttpClient.sendEvent(527) - responseCode = 200
2020-06-15 13:45:12 INFO  ApacheHttpClient.sendEvent(527) - responseCode = 200
2020-06-15 13:46:12 INFO  ApacheHttpClient.sendEvent(527) - responseCode = 200
2020-06-15 13:47:12 INFO  ApacheHttpClient.sendEvent(527) - responseCode = 200
2020-06-15 13:48:12 INFO  ApacheHttpClient.sendEvent(527) - responseCode = 200
2020-06-15 13:49:12 INFO  ApacheHttpClient.sendEvent(527) - responseCode = 200
2020-06-15 13:50:12 INFO  ApacheHttpClient.sendEvent(527) - responseCode = 200
2020-06-15 13:51:12 INFO  ApacheHttpClient.sendEvent(527) - responseCode = 200
2020-06-15 13:52:12 INFO  ApacheHttpClient.sendEvent(527) - responseCode = 200
2020-06-15 13:53:12 INFO  ApacheHttpClient.sendEvent(527) - responseCode = 200
2020-06-15 13:54:12 INFO  ApacheHttpClient.sendEvent(527) - responseCode = 200
2020-06-15 13:55:12 INFO  ApacheHttpClient.sendEvent(527) - responseCode = 200
2020-06-15 13:56:12 INFO  ApacheHttpClient.sendEvent(527) - responseCode = 200
2020-06-15 13:57:12 INFO  ApacheHttpClient.sendEvent(527) - responseCode = 200
2020-06-15 13:58:12 INFO  ApacheHttpClient.sendEvent(527) - responseCode = 200
2020-06-15 13:59:12 INFO  ApacheHttpClient.sendEvent(527) - responseCode = 200
2020-06-15 14:00:12 INFO  ApacheHttpClient.sendEvent(527) - responseCode = 200
2020-06-15 14:01:12 INFO  ApacheHttpClient.sendEvent(527) - responseCode = 200
2020-06-15 14:02:12 INFO  ApacheHttpClient.sendEvent(527) - responseCode = 200
2020-06-15 14:03:12 INFO  ApacheHttpClient.sendEvent(527) - responseCode = 200
2020-06-15 14:04:12 INFO  ApacheHttpClient.sendEvent(527) - responseCode = 200
2020-06-15 14:05:12 INFO  ApacheHttpClient.sendEvent(527) - responseCode = 200
2020-06-15 14:06:12 INFO  ApacheHttpClient.sendEvent(527) - responseCode = 200
2020-06-15 14:07:12 INFO  ApacheHttpClient.sendEvent(527) - responseCode = 200
2020-06-15 14:08:12 INFO  ApacheHttpClient.sendEvent(527) - responseCode = 200
2020-06-15 14:09:12 INFO  ApacheHttpClient.sendEvent(527) - responseCode = 200
2020-06-15 14:10:12 INFO  ApacheHttpClient.sendEvent(527) - responseCode = 200
2020-06-15 14:11:12 INFO  ApacheHttpClient.sendEvent(527) - responseCode = 200
2020-06-15 14:12:12 INFO  ApacheHttpClient.sendEvent(527) - responseCode = 200
2020-06-15 14:13:12 INFO  ApacheHttpClient.sendEvent(527) - responseCode = 200
2020-06-15 14:14:12 INFO  ApacheHttpClient.sendEvent(527) - responseCode = 200
2020-06-15 14:15:12 INFO  ApacheHttpClient.sendEvent(527) - responseCode = 200
2020-06-15 14:16:12 INFO  ApacheHttpClient.sendEvent(527) - responseCode = 200
2020-06-15 14:17:12 INFO  ApacheHttpClient.sendEvent(527) - responseCode = 200
2020-06-15 14:18:12 INFO  ApacheHttpClient.sendEvent(527) - responseCode = 200
2020-06-15 14:19:12 INFO  ApacheHttpClient.sendEvent(527) - responseCode = 200
2020-06-15 14:20:12 INFO  ApacheHttpClient.sendEvent(527) - responseCode = 200
2020-06-15 14:21:12 INFO  ApacheHttpClient.sendEvent(527) - responseCode = 200
2020-06-15 14:22:12 INFO  ApacheHttpClient.sendEvent(527) - responseCode = 200
2020-06-15 14:23:12 INFO  ApacheHttpClient.sendEvent(527) - responseCode = 200
2020-06-15 14:24:12 INFO  ApacheHttpClient.sendEvent(527) - responseCode = 200
2020-06-15 14:25:12 INFO  ApacheHttpClient.sendEvent(527) - responseCode = 200
2020-06-15 14:26:12 INFO  ApacheHttpClient.sendEvent(527) - responseCode = 200
2020-06-15 14:27:12 INFO  ApacheHttpClient.sendEvent(527) - responseCode = 200
2020-06-15 14:28:12 INFO  ApacheHttpClient.sendEvent(527) - responseCode = 200
2020-06-15 14:29:12 INFO  ApacheHttpClient.sendEvent(527) - responseCode = 200
2020-06-15 14:30:12 INFO  ApacheHttpClient.sendEvent(527) - responseCode = 200
2020-06-15 14:31:12 INFO  ApacheHttpClient.sendEvent(527) - responseCode = 200
2020-06-15 14:32:12 INFO  ApacheHttpClient.sendEvent(527) - responseCode = 200
2020-06-15 14:33:12 INFO  ApacheHttpClient.sendEvent(527) - responseCode = 200
2020-06-15 14:34:12 INFO  ApacheHttpClient.sendEvent(527) - responseCode = 200
2020-06-15 14:35:12 INFO  ApacheHttpClient.sendEvent(527) - responseCode = 200
2020-06-15 14:36:12 INFO  ApacheHttpClient.sendEvent(527) - responseCode = 200
2020-06-15 14:37:12 INFO  ApacheHttpClient.sendEvent(527) - responseCode = 200
2020-06-15 14:38:12 INFO  ApacheHttpClient.sendEvent(527) - responseCode = 200
2020-06-15 14:39:12 INFO  ApacheHttpClient.sendEvent(527) - responseCode = 200
2020-06-15 14:40:12 INFO  ApacheHttpClient.sendEvent(527) - responseCode = 200
2020-06-15 14:41:12 INFO  ApacheHttpClient.sendEvent(527) - responseCode = 200
2020-06-15 14:42:12 INFO  ApacheHttpClient.sendEvent(527) - responseCode = 200
2020-06-15 14:43:12 INFO  ApacheHttpClient.sendEvent(527) - responseCode = 200
2020-06-15 14:44:12 INFO  ApacheHttpClient.sendEvent(527) - responseCode = 200
2020-06-15 14:45:12 INFO  ApacheHttpClient.sendEvent(527) - responseCode = 200
2020-06-15 14:46:12 INFO  ApacheHttpClient.sendEvent(527) - responseCode = 200
2020-06-15 14:47:12 INFO  ApacheHttpClient.sendEvent(527) - responseCode = 200
2020-06-15 14:48:12 INFO  ApacheHttpClient.sendEvent(527) - responseCode = 200
2020-06-15 14:49:12 INFO  ApacheHttpClient.sendEvent(527) - responseCode = 200
2020-06-15 14:50:12 INFO  ApacheHttpClient.sendEvent(527) - responseCode = 200
2020-06-15 14:51:12 INFO  ApacheHttpClient.sendEvent(527) - responseCode = 200
2020-06-15 14:52:12 INFO  ApacheHttpClient.sendEvent(527) - responseCode = 200
2020-06-15 14:53:12 INFO  ApacheHttpClient.sendEvent(527) - responseCode = 200
2020-06-15 14:54:12 INFO  ApacheHttpClient.sendEvent(527) - responseCode = 200
2020-06-15 14:55:12 INFO  ApacheHttpClient.sendEvent(527) - responseCode = 200
2020-06-15 14:56:12 INFO  ApacheHttpClient.sendEvent(527) - responseCode = 200
2020-06-15 14:57:12 INFO  ApacheHttpClient.sendEvent(527) - responseCode = 200
2020-06-15 14:58:12 INFO  ApacheHttpClient.sendEvent(527) - responseCode = 200
2020-06-15 14:59:12 INFO  ApacheHttpClient.sendEvent(527) - responseCode = 200
2020-06-15 15:00:12 INFO  ApacheHttpClient.sendEvent(527) - responseCode = 200
2020-06-15 15:01:12 INFO  ApacheHttpClient.sendEvent(527) - responseCode = 200
2020-06-15 15:02:12 INFO  ApacheHttpClient.sendEvent(527) - responseCode = 200
2020-06-15 15:03:12 INFO  ApacheHttpClient.sendEvent(527) - responseCode = 200
2020-06-15 15:04:12 INFO  ApacheHttpClient.sendEvent(527) - responseCode = 200
2020-06-15 15:05:12 INFO  ApacheHttpClient.sendEvent(527) - responseCode = 200
2020-06-15 15:06:12 INFO  ApacheHttpClient.sendEvent(527) - responseCode = 200
2020-06-15 15:07:12 INFO  ApacheHttpClient.sendEvent(527) - responseCode = 200
2020-06-15 15:08:12 INFO  ApacheHttpClient.sendEvent(527) - responseCode = 200
2020-06-15 15:09:12 INFO  ApacheHttpClient.sendEvent(527) - responseCode = 200
2020-06-15 15:10:12 INFO  ApacheHttpClient.sendEvent(527) - responseCode = 200
2020-06-15 15:11:12 INFO  ApacheHttpClient.sendEvent(527) - responseCode = 200
2020-06-15 15:12:12 INFO  ApacheHttpClient.sendEvent(527) - responseCode = 200
2020-06-15 15:13:12 INFO  ApacheHttpClient.sendEvent(527) - responseCode = 200
2020-06-15 15:14:12 INFO  ApacheHttpClient.sendEvent(527) - responseCode = 200
2020-06-15 15:15:12 INFO  ApacheHttpClient.sendEvent(527) - responseCode = 200
2020-06-15 15:16:12 INFO  ApacheHttpClient.sendEvent(527) - responseCode = 200
2020-06-15 15:17:12 INFO  ApacheHttpClient.sendEvent(527) - responseCode = 200
2020-06-15 15:18:12 INFO  ApacheHttpClient.sendEvent(527) - responseCode = 200
2020-06-15 15:19:12 INFO  ApacheHttpClient.sendEvent(527) - responseCode = 200
2020-06-15 15:20:12 INFO  ApacheHttpClient.sendEvent(527) - responseCode = 200
2020-06-15 15:21:12 INFO  ApacheHttpClient.sendEvent(527) - responseCode = 200
2020-06-15 15:22:12 INFO  ApacheHttpClient.sendEvent(527) - responseCode = 200
2020-06-15 15:23:12 INFO  ApacheHttpClient.sendEvent(527) - responseCode = 200
2020-06-15 15:24:12 INFO  ApacheHttpClient.sendEvent(527) - responseCode = 200
2020-06-15 15:25:12 INFO  ApacheHttpClient.sendEvent(527) - responseCode = 200
2020-06-15 15:26:12 INFO  ApacheHttpClient.sendEvent(527) - responseCode = 200
2020-06-15 15:27:12 INFO  ApacheHttpClient.sendEvent(527) - responseCode = 200
2020-06-15 15:28:12 INFO  ApacheHttpClient.sendEvent(527) - responseCode = 200
2020-06-15 15:29:12 INFO  ApacheHttpClient.sendEvent(527) - responseCode = 200
2020-06-15 15:30:12 INFO  ApacheHttpClient.sendEvent(527) - responseCode = 200
2020-06-15 15:31:12 INFO  ApacheHttpClient.sendEvent(527) - responseCode = 200
2020-06-15 15:32:12 INFO  ApacheHttpClient.sendEvent(527) - responseCode = 200
2020-06-15 15:33:12 INFO  ApacheHttpClient.sendEvent(527) - responseCode = 200
2020-06-15 15:34:12 INFO  ApacheHttpClient.sendEvent(527) - responseCode = 200
2020-06-15 15:35:12 INFO  ApacheHttpClient.sendEvent(527) - responseCode = 200
2020-06-15 15:36:12 INFO  ApacheHttpClient.sendEvent(527) - responseCode = 200
2020-06-15 15:37:12 INFO  ApacheHttpClient.sendEvent(527) - responseCode = 200
2020-06-15 15:38:12 INFO  ApacheHttpClient.sendEvent(527) - responseCode = 200
2020-06-15 15:39:12 INFO  ApacheHttpClient.sendEvent(527) - responseCode = 200
2020-06-15 15:40:12 INFO  ApacheHttpClient.sendEvent(527) - responseCode = 200
2020-06-15 15:41:12 INFO  ApacheHttpClient.sendEvent(527) - responseCode = 200
2020-06-15 15:42:12 INFO  ApacheHttpClient.sendEvent(527) - responseCode = 200
2020-06-15 15:43:12 INFO  ApacheHttpClient.sendEvent(527) - responseCode = 200
2020-06-15 15:44:12 INFO  ApacheHttpClient.sendEvent(527) - responseCode = 200
2020-06-15 15:45:12 INFO  ApacheHttpClient.sendEvent(527) - responseCode = 200
2020-06-15 15:46:12 INFO  ApacheHttpClient.sendEvent(527) - responseCode = 200
2020-06-15 15:47:12 INFO  ApacheHttpClient.sendEvent(527) - responseCode = 200
2020-06-15 15:48:12 INFO  ApacheHttpClient.sendEvent(527) - responseCode = 200
2020-06-15 15:49:12 INFO  ApacheHttpClient.sendEvent(527) - responseCode = 200
2020-06-15 15:50:12 INFO  ApacheHttpClient.sendEvent(527) - responseCode = 200
2020-06-15 15:51:12 INFO  ApacheHttpClient.sendEvent(527) - responseCode = 200
2020-06-15 15:52:12 INFO  ApacheHttpClient.sendEvent(527) - responseCode = 200
2020-06-15 15:53:12 INFO  ApacheHttpClient.sendEvent(527) - responseCode = 200
2020-06-15 15:54:12 INFO  ApacheHttpClient.sendEvent(527) - responseCode = 200
2020-06-15 15:55:12 INFO  ApacheHttpClient.sendEvent(527) - responseCode = 200
2020-06-15 15:56:12 INFO  ApacheHttpClient.sendEvent(527) - responseCode = 200
2020-06-15 15:57:12 INFO  ApacheHttpClient.sendEvent(527) - responseCode = 200
2020-06-15 15:58:12 INFO  ApacheHttpClient.sendEvent(527) - responseCode = 200
2020-06-15 15:59:12 INFO  ApacheHttpClient.sendEvent(527) - responseCode = 200
2020-06-15 16:00:12 INFO  ApacheHttpClient.sendEvent(527) - responseCode = 200
2020-06-15 16:01:12 INFO  ApacheHttpClient.sendEvent(527) - responseCode = 200
2020-06-15 16:02:12 INFO  ApacheHttpClient.sendEvent(527) - responseCode = 200
2020-06-15 16:03:12 INFO  ApacheHttpClient.sendEvent(527) - responseCode = 200
2020-06-15 16:04:12 INFO  ApacheHttpClient.sendEvent(527) - responseCode = 200
2020-06-15 16:05:12 INFO  ApacheHttpClient.sendEvent(527) - responseCode = 200
2020-06-15 16:06:12 INFO  ApacheHttpClient.sendEvent(527) - responseCode = 200
2020-06-15 16:07:12 INFO  ApacheHttpClient.sendEvent(527) - responseCode = 200
2020-06-15 16:08:12 INFO  ApacheHttpClient.sendEvent(527) - responseCode = 200
2020-06-15 16:09:12 INFO  ApacheHttpClient.sendEvent(527) - responseCode = 200
2020-06-15 16:10:12 INFO  ApacheHttpClient.sendEvent(527) - responseCode = 200
2020-06-15 16:11:12 INFO  ApacheHttpClient.sendEvent(527) - responseCode = 200
2020-06-15 16:12:12 INFO  ApacheHttpClient.sendEvent(527) - responseCode = 200
2020-06-15 16:13:12 INFO  ApacheHttpClient.sendEvent(527) - responseCode = 200
2020-06-15 16:14:12 INFO  ApacheHttpClient.sendEvent(527) - responseCode = 200
2020-06-15 16:15:12 INFO  ApacheHttpClient.sendEvent(527) - responseCode = 200
2020-06-15 16:16:12 INFO  ApacheHttpClient.sendEvent(527) - responseCode = 200
2020-06-15 16:17:12 INFO  ApacheHttpClient.sendEvent(527) - responseCode = 200
2020-06-15 16:18:12 INFO  ApacheHttpClient.sendEvent(527) - responseCode = 200
2020-06-15 16:19:12 INFO  ApacheHttpClient.sendEvent(527) - responseCode = 200
2020-06-15 16:20:12 INFO  ApacheHttpClient.sendEvent(527) - responseCode = 200
2020-06-15 16:21:12 INFO  ApacheHttpClient.sendEvent(527) - responseCode = 200
2020-06-15 16:22:12 INFO  ApacheHttpClient.sendEvent(527) - responseCode = 200
2020-06-15 16:23:12 INFO  ApacheHttpClient.sendEvent(527) - responseCode = 200
2020-06-15 16:24:12 INFO  ApacheHttpClient.sendEvent(527) - responseCode = 200
2020-06-15 16:25:12 INFO  ApacheHttpClient.sendEvent(527) - responseCode = 200
2020-06-15 16:26:12 INFO  ApacheHttpClient.sendEvent(527) - responseCode = 200
2020-06-15 16:27:12 INFO  ApacheHttpClient.sendEvent(527) - responseCode = 200
2020-06-15 16:28:12 INFO  ApacheHttpClient.sendEvent(527) - responseCode = 200
2020-06-15 16:29:12 INFO  ApacheHttpClient.sendEvent(527) - responseCode = 200
2020-06-15 16:30:12 INFO  ApacheHttpClient.sendEvent(527) - responseCode = 200
2020-06-15 16:31:12 INFO  ApacheHttpClient.sendEvent(527) - responseCode = 200
2020-06-15 16:32:12 INFO  ApacheHttpClient.sendEvent(527) - responseCode = 200
2020-06-15 16:33:12 INFO  ApacheHttpClient.sendEvent(527) - responseCode = 200
2020-06-15 16:34:12 INFO  ApacheHttpClient.sendEvent(527) - responseCode = 200
2020-06-15 16:35:12 INFO  ApacheHttpClient.sendEvent(527) - responseCode = 200
2020-06-15 16:36:12 INFO  ApacheHttpClient.sendEvent(527) - responseCode = 200
2020-06-15 16:37:12 INFO  ApacheHttpClient.sendEvent(527) - responseCode = 200
2020-06-15 16:38:12 INFO  ApacheHttpClient.sendEvent(527) - responseCode = 200
2020-06-15 16:39:12 INFO  ApacheHttpClient.sendEvent(527) - responseCode = 200
2020-06-15 16:40:12 INFO  ApacheHttpClient.sendEvent(527) - responseCode = 200
2020-06-15 16:41:12 INFO  ApacheHttpClient.sendEvent(527) - responseCode = 200
2020-06-15 16:42:12 INFO  ApacheHttpClient.sendEvent(527) - responseCode = 200
2020-06-15 16:43:12 INFO  ApacheHttpClient.sendEvent(527) - responseCode = 200
2020-06-15 16:44:12 INFO  ApacheHttpClient.sendEvent(527) - responseCode = 200
2020-06-15 16:45:12 INFO  ApacheHttpClient.sendEvent(527) - responseCode = 200
2020-06-15 16:46:12 INFO  ApacheHttpClient.sendEvent(527) - responseCode = 200
2020-06-15 16:47:12 INFO  ApacheHttpClient.sendEvent(527) - responseCode = 200
2020-06-15 16:48:12 INFO  ApacheHttpClient.sendEvent(527) - responseCode = 200
2020-06-15 16:49:12 INFO  ApacheHttpClient.sendEvent(527) - responseCode = 200
2020-06-15 16:50:12 INFO  ApacheHttpClient.sendEvent(527) - responseCode = 200
2020-06-15 16:51:12 INFO  ApacheHttpClient.sendEvent(527) - responseCode = 200
2020-06-15 16:52:12 INFO  ApacheHttpClient.sendEvent(527) - responseCode = 200
2020-06-15 16:53:12 INFO  ApacheHttpClient.sendEvent(527) - responseCode = 200
2020-06-15 16:54:12 INFO  ApacheHttpClient.sendEvent(527) - responseCode = 200
2020-06-15 16:55:12 INFO  ApacheHttpClient.sendEvent(527) - responseCode = 200
2020-06-15 16:56:12 INFO  ApacheHttpClient.sendEvent(527) - responseCode = 200
2020-06-15 16:57:12 INFO  ApacheHttpClient.sendEvent(527) - responseCode = 200
2020-06-15 16:58:12 INFO  ApacheHttpClient.sendEvent(527) - responseCode = 200
2020-06-15 16:59:12 INFO  ApacheHttpClient.sendEvent(527) - responseCode = 200
2020-06-15 17:00:12 INFO  ApacheHttpClient.sendEvent(527) - responseCode = 200
2020-06-15 17:01:12 INFO  ApacheHttpClient.sendEvent(527) - responseCode = 200
2020-06-15 17:02:12 INFO  ApacheHttpClient.sendEvent(527) - responseCode = 200
2020-06-15 17:03:12 INFO  ApacheHttpClient.sendEvent(527) - responseCode = 200
2020-06-15 17:04:12 INFO  ApacheHttpClient.sendEvent(527) - responseCode = 200
2020-06-15 17:05:12 INFO  ApacheHttpClient.sendEvent(527) - responseCode = 200
2020-06-15 17:06:12 INFO  ApacheHttpClient.sendEvent(527) - responseCode = 200
2020-06-15 17:07:12 INFO  ApacheHttpClient.sendEvent(527) - responseCode = 200
2020-06-15 17:08:12 INFO  ApacheHttpClient.sendEvent(527) - responseCode = 200
2020-06-15 17:09:12 INFO  ApacheHttpClient.sendEvent(527) - responseCode = 200
2020-06-15 17:10:12 INFO  ApacheHttpClient.sendEvent(527) - responseCode = 200
2020-06-15 17:11:12 INFO  ApacheHttpClient.sendEvent(527) - responseCode = 200
2020-06-15 17:12:12 INFO  ApacheHttpClient.sendEvent(527) - responseCode = 200
2020-06-15 17:13:12 INFO  ApacheHttpClient.sendEvent(527) - responseCode = 200
2020-06-15 17:14:12 INFO  ApacheHttpClient.sendEvent(527) - responseCode = 200
2020-06-15 17:15:12 INFO  ApacheHttpClient.sendEvent(527) - responseCode = 200
2020-06-15 17:16:12 INFO  ApacheHttpClient.sendEvent(527) - responseCode = 200
2020-06-15 17:17:12 INFO  ApacheHttpClient.sendEvent(527) - responseCode = 200
2020-06-15 17:18:12 INFO  ApacheHttpClient.sendEvent(527) - responseCode = 200
2020-06-15 17:19:12 INFO  ApacheHttpClient.sendEvent(527) - responseCode = 200
2020-06-15 17:20:12 INFO  ApacheHttpClient.sendEvent(527) - responseCode = 200
2020-06-15 17:21:12 INFO  ApacheHttpClient.sendEvent(527) - responseCode = 200
2020-06-15 17:22:12 INFO  ApacheHttpClient.sendEvent(527) - responseCode = 200
2020-06-15 17:23:12 INFO  ApacheHttpClient.sendEvent(527) - responseCode = 200
2020-06-15 17:24:12 INFO  ApacheHttpClient.sendEvent(527) - responseCode = 200
2020-06-15 17:25:12 INFO  ApacheHttpClient.sendEvent(527) - responseCode = 200
2020-06-15 17:26:12 INFO  ApacheHttpClient.sendEvent(527) - responseCode = 200
2020-06-15 17:27:12 INFO  ApacheHttpClient.sendEvent(527) - responseCode = 200
2020-06-15 17:28:12 INFO  ApacheHttpClient.sendEvent(527) - responseCode = 200
2020-06-15 17:29:12 INFO  ApacheHttpClient.sendEvent(527) - responseCode = 200
2020-06-15 17:30:12 INFO  ApacheHttpClient.sendEvent(527) - responseCode = 200
2020-06-15 17:31:12 INFO  ApacheHttpClient.sendEvent(527) - responseCode = 200
2020-06-15 17:32:12 INFO  ApacheHttpClient.sendEvent(527) - responseCode = 200
2020-06-15 17:33:12 INFO  ApacheHttpClient.sendEvent(527) - responseCode = 200
2020-06-15 17:34:12 INFO  ApacheHttpClient.sendEvent(527) - responseCode = 200
2020-06-15 17:35:12 INFO  ApacheHttpClient.sendEvent(527) - responseCode = 200
2020-06-15 17:36:12 INFO  ApacheHttpClient.sendEvent(527) - responseCode = 200
2020-06-15 17:37:12 INFO  ApacheHttpClient.sendEvent(527) - responseCode = 200
2020-06-15 17:38:12 INFO  ApacheHttpClient.sendEvent(527) - responseCode = 200
2020-06-15 17:38:32 INFO  ApacheHttpClient.getWebResourceAsStream(494) - responseCode = 200
2020-06-15 17:38:32 INFO  ApacheHttpClient.getTask(480) - responseCode = 200
2020-06-15 17:38:33 INFO  ApacheHttpClient.getWebResourceAsStream(494) - responseCode = 200
2020-06-15 17:38:34 INFO  ApacheHttpClient.completed(28) - responseCode = 200
2020-06-15 17:39:12 INFO  ApacheHttpClient.sendEvent(527) - responseCode = 200
2020-06-15 17:39:37 INFO  ApacheHttpClient.getWebResourceAsStream(494) - responseCode = 200
2020-06-15 17:39:37 INFO  ApacheHttpClient.getTask(480) - responseCode = 200
2020-06-15 17:39:37 INFO  ApacheHttpClient.getWebResourceAsStream(494) - responseCode = 200
2020-06-15 17:39:38 INFO  ApacheHttpClient.completed(28) - responseCode = 200
2020-06-15 17:39:38 INFO  ApacheHttpClient.getTask(480) - responseCode = 200
2020-06-15 17:39:42 INFO  ApacheHttpClient.getWebResourceAsStream(494) - responseCode = 200
2020-06-15 17:39:42 INFO  ApacheHttpClient.getFilteredTasks(333) - responseCode = 200
2020-06-15 17:39:46 INFO  ApacheHttpClient.getTaskTemplateInfo(350) - responseCode = 200
2020-06-15 17:39:46 INFO  ApacheHttpClient.getWebResourceAsStream(494) - responseCode = 200
2020-06-15 17:40:12 INFO  ApacheHttpClient.sendEvent(527) - responseCode = 200
2020-06-15 17:41:12 INFO  ApacheHttpClient.sendEvent(527) - responseCode = 200
2020-06-15 17:41:41 INFO  ApacheHttpClient.getWebResourceAsStream(494) - responseCode = 200
2020-06-15 17:41:41 INFO  ApacheHttpClient.getTask(480) - responseCode = 200
2020-06-15 17:41:41 INFO  ApacheHttpClient.getWebResourceAsStream(494) - responseCode = 200
2020-06-15 17:41:43 INFO  ApacheHttpClient.completed(28) - responseCode = 200
2020-06-15 17:41:43 INFO  ApacheHttpClient.getTask(480) - responseCode = 200
2020-06-15 17:41:47 INFO  ApacheHttpClient.getWebResourceAsStream(494) - responseCode = 200
2020-06-15 17:41:47 INFO  ApacheHttpClient.getFilteredTasks(333) - responseCode = 200
2020-06-15 17:41:48 INFO  ApacheHttpClient.getTaskTemplateInfo(350) - responseCode = 200
2020-06-15 17:41:49 INFO  ApacheHttpClient.getWebResourceAsStream(494) - responseCode = 200
2020-06-15 17:42:12 INFO  ApacheHttpClient.sendEvent(527) - responseCode = 200
2020-06-15 17:43:12 INFO  ApacheHttpClient.sendEvent(527) - responseCode = 200
2020-06-15 17:44:12 INFO  ApacheHttpClient.sendEvent(527) - responseCode = 200
2020-06-15 17:45:12 INFO  ApacheHttpClient.sendEvent(527) - responseCode = 200
2020-06-15 17:46:12 INFO  ApacheHttpClient.sendEvent(527) - responseCode = 200
2020-06-15 17:46:17 INFO  ApacheHttpClient.getWebResourceAsStream(494) - responseCode = 200
2020-06-15 17:46:17 INFO  ApacheHttpClient.getTask(480) - responseCode = 200
2020-06-15 17:46:17 INFO  ApacheHttpClient.getWebResourceAsStream(494) - responseCode = 200
2020-06-15 17:46:21 INFO  ApacheHttpClient.completed(28) - responseCode = 200
2020-06-15 17:46:21 INFO  ApacheHttpClient.getTask(480) - responseCode = 200
2020-06-15 17:46:24 INFO  ApacheHttpClient.getWebResourceAsStream(494) - responseCode = 200
2020-06-15 17:46:24 WARN  PluginUtil.getCurrentTask(71) - Error while retrieving the task key.
2020-06-15 17:46:24 WARN  PluginUtil.getCurrentDirectory(102) - Error while getting the current directory.
2020-06-15 17:46:24 WARN  PluginUtil.getCurrentDirectory(102) - Error while getting the current directory.
2020-06-15 17:46:24 INFO  ApacheHttpClient.getTask(480) - responseCode = 200
2020-06-15 17:46:24 INFO  ApacheHttpClient.completed(28) - responseCode = 400
2020-06-15 17:46:24 WARN  TaskCompleted.run(69) - You already completed this task: "Computer"
2020-06-15 17:46:24 INFO  ApacheHttpClient.getWebResourceAsStream(494) - responseCode = 200
2020-06-15 17:46:26 INFO  ApacheHttpClient.getWebResourceAsStream(494) - responseCode = 200
2020-06-15 17:46:27 INFO  ApacheHttpClient.getFilteredTasks(333) - responseCode = 200
2020-06-15 17:46:28 INFO  ApacheHttpClient.getTaskTemplateInfo(350) - responseCode = 200
2020-06-15 17:46:29 INFO  ApacheHttpClient.getWebResourceAsStream(494) - responseCode = 200
2020-06-15 17:47:12 INFO  ApacheHttpClient.sendEvent(527) - responseCode = 200
2020-06-15 17:48:12 INFO  ApacheHttpClient.sendEvent(527) - responseCode = 200
2020-06-15 17:49:12 INFO  ApacheHttpClient.sendEvent(527) - responseCode = 200
2020-06-15 17:50:12 INFO  ApacheHttpClient.sendEvent(527) - responseCode = 200
2020-06-15 17:51:12 INFO  ApacheHttpClient.sendEvent(527) - responseCode = 200
2020-06-15 17:52:12 INFO  ApacheHttpClient.sendEvent(527) - responseCode = 200
2020-06-15 17:53:12 INFO  ApacheHttpClient.sendEvent(527) - responseCode = 200
2020-06-15 17:54:11 INFO  ApacheHttpClient.getWebResourceAsStream(494) - responseCode = 200
2020-06-15 17:54:11 INFO  ApacheHttpClient.getTask(480) - responseCode = 200
2020-06-15 17:54:11 INFO  ApacheHttpClient.getWebResourceAsStream(494) - responseCode = 200
2020-06-15 17:54:11 INFO  ApacheHttpClient.completed(28) - responseCode = 200
2020-06-15 17:54:11 ERROR TaskCompleted.run(136) - Exception during task verification. : java.lang.NullPointerException
2020-06-15 17:54:12 INFO  ApacheHttpClient.sendEvent(527) - responseCode = 200
2020-06-15 17:54:19 INFO  ApacheHttpClient.getWebResourceAsStream(494) - responseCode = 200
2020-06-15 17:54:19 INFO  ApacheHttpClient.getTask(480) - responseCode = 200
2020-06-15 17:54:20 INFO  ApacheHttpClient.completed(28) - responseCode = 200
2020-06-15 17:54:20 ERROR TaskCompleted.run(136) - Exception during task verification. : java.lang.NullPointerException
2020-06-15 17:54:20 INFO  ApacheHttpClient.getWebResourceAsStream(494) - responseCode = 200
2020-06-15 17:54:52 INFO  ApacheHttpClient.getWebResourceAsStream(494) - responseCode = 200
2020-06-15 17:54:52 INFO  ApacheHttpClient.completed(28) - responseCode = 200
2020-06-15 17:54:52 INFO  ApacheHttpClient.getTask(480) - responseCode = 200
2020-06-15 17:54:52 INFO  ApacheHttpClient.getWebResourceAsStream(494) - responseCode = 200
2020-06-15 17:54:52 ERROR TaskCompleted.run(136) - Exception during task verification. : java.lang.NullPointerException
2020-06-15 17:55:00 INFO  ApacheHttpClient.getWebResourceAsStream(494) - responseCode = 200
2020-06-15 17:55:00 INFO  ApacheHttpClient.getTask(480) - responseCode = 200
2020-06-15 17:55:00 INFO  ApacheHttpClient.completed(28) - responseCode = 200
2020-06-15 17:55:00 ERROR TaskCompleted.run(136) - Exception during task verification. : java.lang.NullPointerException
2020-06-15 17:55:00 INFO  ApacheHttpClient.getWebResourceAsStream(494) - responseCode = 200
2020-06-15 17:55:00 INFO  ApacheHttpClient.getWebResourceAsStream(494) - responseCode = 200
2020-06-15 17:55:00 INFO  ApacheHttpClient.getTask(480) - responseCode = 200
2020-06-15 17:55:00 INFO  ApacheHttpClient.getWebResourceAsStream(494) - responseCode = 200
2020-06-15 17:55:01 INFO  ApacheHttpClient.completed(28) - responseCode = 200
2020-06-15 17:55:01 ERROR TaskCompleted.run(136) - Exception during task verification. : java.lang.NullPointerException
2020-06-15 17:55:01 INFO  ApacheHttpClient.getWebResourceAsStream(494) - responseCode = 200
2020-06-15 17:55:01 INFO  ApacheHttpClient.getTask(480) - responseCode = 200
2020-06-15 17:55:01 INFO  ApacheHttpClient.completed(28) - responseCode = 200
2020-06-15 17:55:01 ERROR TaskCompleted.run(136) - Exception during task verification. : java.lang.NullPointerException
2020-06-15 17:55:01 INFO  ApacheHttpClient.getWebResourceAsStream(494) - responseCode = 200
2020-06-15 17:55:12 INFO  ApacheHttpClient.sendEvent(527) - responseCode = 200
2020-06-15 17:55:24 INFO  ApacheHttpClient.getWebResourceAsStream(494) - responseCode = 200
2020-06-15 17:55:24 INFO  ApacheHttpClient.getTask(480) - responseCode = 200
2020-06-15 17:55:24 INFO  ApacheHttpClient.completed(28) - responseCode = 200
2020-06-15 17:55:24 ERROR TaskCompleted.run(136) - Exception during task verification. : java.lang.NullPointerException
2020-06-15 17:55:24 INFO  ApacheHttpClient.getWebResourceAsStream(494) - responseCode = 200
2020-06-15 17:55:30 INFO  ApacheHttpClient.getWebResourceAsStream(494) - responseCode = 200
2020-06-15 17:55:30 INFO  ApacheHttpClient.getTask(480) - responseCode = 200
2020-06-15 17:55:30 INFO  ApacheHttpClient.completed(28) - responseCode = 200
2020-06-15 17:55:30 ERROR TaskCompleted.run(136) - Exception during task verification. : java.lang.NullPointerException
2020-06-15 17:55:31 INFO  ApacheHttpClient.getWebResourceAsStream(494) - responseCode = 200
2020-06-15 17:56:12 INFO  ApacheHttpClient.sendEvent(527) - responseCode = 200
2020-06-15 17:56:42 INFO  ApacheHttpClient.getWebResourceAsStream(494) - responseCode = 200
2020-06-15 17:56:42 INFO  ApacheHttpClient.getTask(480) - responseCode = 200
2020-06-15 17:56:42 INFO  ApacheHttpClient.getWebResourceAsStream(494) - responseCode = 200
2020-06-15 17:56:42 INFO  ApacheHttpClient.completed(28) - responseCode = 200
2020-06-15 17:56:42 ERROR TaskCompleted.run(136) - Exception during task verification. : java.lang.NullPointerException
2020-06-15 17:56:46 INFO  PluginTasksProjectComponent.projectClosing(188) - ---------- Project closed ----------

2020-06-15 17:56:46 INFO  ApacheHttpClient.getTask(480) - responseCode = 200
2020-06-15 17:56:46 INFO  ApacheHttpClient.getTask(480) - responseCode = 200
2020-06-15 17:56:47 INFO  ApacheHttpClient.getTask(480) - responseCode = 200
2020-06-15 17:56:47 INFO  ApacheHttpClient.getTask(480) - responseCode = 200
2020-06-15 17:56:47 INFO  ApacheHttpClient.getTask(480) - responseCode = 200
2020-06-15 17:56:47 INFO  ApacheHttpClient.getTask(480) - responseCode = 200
2020-06-15 17:56:47 INFO  ApacheHttpClient.getTask(480) - responseCode = 200
2020-06-15 17:56:47 INFO  ApacheHttpClient.getTask(480) - responseCode = 200
2020-06-15 17:56:47 INFO  ApacheHttpClient.getTask(480) - responseCode = 200
2020-06-15 17:56:47 INFO  ApacheHttpClient.getTask(480) - responseCode = 200
2020-06-15 17:56:58 INFO  PluginTasksProjectComponent.projectOpened(77) - ---------- Project opened ----------
2020-06-15 17:56:58 INFO  PluginTasksProjectComponent.projectOpened(78) - ---------- Version 3.38 ----------

2020-06-15 17:56:58 INFO  ApacheHttpClient.createAsyncHttpClient(143) - 1 proxies selected. Type: DIRECT
2020-06-15 17:56:58 INFO  ApacheHttpClient.<init>(94) - ApacheHttpClient was successfully instantiated.
2020-06-15 17:56:58 INFO  ApacheHttpClient.testConnection(202) - responseCode = 200
2020-06-15 17:56:58 INFO  ApacheHttpClient.testConnection(217) - result = true
2020-06-15 17:56:59 INFO  ApacheHttpClient.isSessionAppropriateWithSecretKey(594) - Waiting for server response.
2020-06-15 17:56:59 INFO  ApacheHttpClient.refreshUserInfo(302) - responseCode = 200
2020-06-15 17:56:59 INFO  ApacheHttpClient.refreshUserInfo(308) - User information received.
2020-06-15 17:56:59 INFO  ApacheHttpClient.startGA(35) - GAService started.
2020-06-15 17:56:59 INFO  AbstractRestApiClient.startService(71) - EventsService started.
2020-06-15 17:57:04 INFO  ApacheHttpClient.getWebResourceAsStream(494) - responseCode = 200
2020-06-15 17:57:33 INFO  ApacheHttpClient.getWebResourceAsStream(494) - responseCode = 200
2020-06-15 17:57:33 INFO  ApacheHttpClient.getWebResourceAsStream(494) - responseCode = 200
2020-06-15 17:57:34 INFO  ApacheHttpClient.getTask(480) - responseCode = 200
2020-06-15 17:57:34 INFO  ApacheHttpClient.completed(28) - responseCode = 200
2020-06-15 17:57:34 ERROR TaskCompleted.run(136) - Exception during task verification. : java.lang.NullPointerException
2020-06-15 17:57:35 INFO  ApacheHttpClient.getWebResourceAsStream(494) - responseCode = 200
2020-06-15 17:57:35 INFO  ApacheHttpClient.getTask(480) - responseCode = 200
2020-06-15 17:57:35 INFO  ApacheHttpClient.completed(28) - responseCode = 200
2020-06-15 17:57:35 ERROR TaskCompleted.run(136) - Exception during task verification. : java.lang.NullPointerException
2020-06-15 17:57:35 INFO  ApacheHttpClient.getWebResourceAsStream(494) - responseCode = 200
2020-06-15 17:57:59 INFO  ApacheHttpClient.sendEvent(527) - responseCode = 200
2020-06-15 17:58:20 INFO  ApacheHttpClient.getWebResourceAsStream(494) - responseCode = 200
2020-06-15 17:58:20 INFO  ApacheHttpClient.getTask(480) - responseCode = 200
2020-06-15 17:58:20 INFO  ApacheHttpClient.completed(28) - responseCode = 200
2020-06-15 17:58:20 ERROR TaskCompleted.run(136) - Exception during task verification. : java.lang.NullPointerException
2020-06-15 17:58:20 INFO  ApacheHttpClient.getWebResourceAsStream(494) - responseCode = 200
2020-06-15 17:58:41 INFO  ApacheHttpClient.getWebResourceAsStream(494) - responseCode = 200
2020-06-15 17:58:41 INFO  ApacheHttpClient.getTask(480) - responseCode = 200
2020-06-15 17:58:41 INFO  ApacheHttpClient.completed(28) - responseCode = 200
2020-06-15 17:58:41 ERROR TaskCompleted.run(136) - Exception during task verification. : java.lang.NullPointerException
2020-06-15 17:58:41 INFO  ApacheHttpClient.getWebResourceAsStream(494) - responseCode = 200
2020-06-15 17:58:43 INFO  ApacheHttpClient.getWebResourceAsStream(494) - responseCode = 200
2020-06-15 17:58:43 INFO  ApacheHttpClient.getTask(480) - responseCode = 200
2020-06-15 17:58:43 INFO  ApacheHttpClient.completed(28) - responseCode = 200
2020-06-15 17:58:43 ERROR TaskCompleted.run(136) - Exception during task verification. : java.lang.NullPointerException
2020-06-15 17:58:43 INFO  ApacheHttpClient.getWebResourceAsStream(494) - responseCode = 200
2020-06-15 17:58:44 INFO  ApacheHttpClient.getWebResourceAsStream(494) - responseCode = 200
2020-06-15 17:58:44 INFO  ApacheHttpClient.getTask(480) - responseCode = 200
2020-06-15 17:58:44 INFO  ApacheHttpClient.completed(28) - responseCode = 200
2020-06-15 17:58:45 ERROR TaskCompleted.run(136) - Exception during task verification. : java.lang.NullPointerException
2020-06-15 17:58:45 INFO  ApacheHttpClient.getWebResourceAsStream(494) - responseCode = 200
2020-06-15 17:58:59 INFO  ApacheHttpClient.sendEvent(527) - responseCode = 200
2020-06-15 17:59:16 INFO  ApacheHttpClient.getWebResourceAsStream(494) - responseCode = 200
2020-06-15 17:59:16 INFO  ApacheHttpClient.getTask(480) - responseCode = 200
2020-06-15 17:59:16 INFO  ApacheHttpClient.completed(28) - responseCode = 200
2020-06-15 17:59:16 INFO  ApacheHttpClient.getWebResourceAsStream(494) - responseCode = 200
2020-06-15 17:59:16 INFO  ApacheHttpClient.getWebResourceAsStream(494) - responseCode = 200
2020-06-15 17:59:16 INFO  ApacheHttpClient.getTask(480) - responseCode = 200
2020-06-15 17:59:16 ERROR TaskCompleted.run(136) - Exception during task verification. : java.lang.NullPointerException
2020-06-15 17:59:16 INFO  ApacheHttpClient.completed(28) - responseCode = 200
2020-06-15 17:59:17 ERROR TaskCompleted.run(136) - Exception during task verification. : java.lang.NullPointerException
2020-06-15 17:59:17 INFO  ApacheHttpClient.getWebResourceAsStream(494) - responseCode = 200
2020-06-15 17:59:19 INFO  ApacheHttpClient.getWebResourceAsStream(494) - responseCode = 200
2020-06-15 17:59:19 INFO  ApacheHttpClient.getTask(480) - responseCode = 200
2020-06-15 17:59:19 INFO  ApacheHttpClient.completed(28) - responseCode = 200
2020-06-15 17:59:19 ERROR TaskCompleted.run(136) - Exception during task verification. : java.lang.NullPointerException
2020-06-15 17:59:19 INFO  ApacheHttpClient.getWebResourceAsStream(494) - responseCode = 200
2020-06-15 17:59:21 INFO  ApacheHttpClient.getWebResourceAsStream(494) - responseCode = 200
2020-06-15 17:59:21 INFO  ApacheHttpClient.getFilteredTasks(333) - responseCode = 200
2020-06-15 17:59:24 INFO  ApacheHttpClient.getFilteredTasks(333) - responseCode = 200
2020-06-15 17:59:28 INFO  ApacheHttpClient.getFilteredTasks(333) - responseCode = 200
2020-06-15 17:59:29 INFO  ApacheHttpClient.getTaskTemplateInfo(350) - responseCode = 200
2020-06-15 17:59:30 INFO  ApacheHttpClient.getWebResourceAsStream(494) - responseCode = 200
2020-06-15 17:59:31 INFO  ApacheHttpClient.getWebResourceAsStream(494) - responseCode = 200
2020-06-15 17:59:31 INFO  ApacheHttpClient.getFilteredTasks(333) - responseCode = 200
2020-06-15 17:59:33 INFO  ApacheHttpClient.getFilteredTasks(333) - responseCode = 200
2020-06-15 17:59:34 INFO  ApacheHttpClient.getTaskTemplateInfo(350) - responseCode = 200
2020-06-15 17:59:35 INFO  ApacheHttpClient.getWebResourceAsStream(494) - responseCode = 200
2020-06-15 17:59:59 INFO  ApacheHttpClient.sendEvent(527) - responseCode = 200
2020-06-15 18:00:08 INFO  ApacheHttpClient.getWebResourceAsStream(494) - responseCode = 200
2020-06-15 18:00:08 INFO  ApacheHttpClient.getTask(480) - responseCode = 200
2020-06-15 18:00:08 INFO  ApacheHttpClient.completed(28) - responseCode = 200
2020-06-15 18:00:08 ERROR TaskCompleted.run(136) - Exception during task verification. : java.lang.NullPointerException
2020-06-15 18:00:08 INFO  ApacheHttpClient.getWebResourceAsStream(494) - responseCode = 200
2020-06-15 18:00:26 INFO  ApacheHttpClient.getWebResourceAsStream(494) - responseCode = 200
2020-06-15 18:00:26 INFO  ApacheHttpClient.getTask(480) - responseCode = 200
2020-06-15 18:00:27 INFO  ApacheHttpClient.completed(28) - responseCode = 200
2020-06-15 18:00:27 ERROR TaskCompleted.run(136) - Exception during task verification. : java.lang.NullPointerException
2020-06-15 18:00:27 INFO  ApacheHttpClient.getWebResourceAsStream(494) - responseCode = 200
2020-06-15 18:00:28 INFO  ApacheHttpClient.getWebResourceAsStream(494) - responseCode = 200
2020-06-15 18:00:28 INFO  ApacheHttpClient.getFilteredTasks(333) - responseCode = 200
2020-06-15 18:00:32 INFO  ApacheHttpClient.getTaskTemplateInfo(350) - responseCode = 200
2020-06-15 18:00:32 INFO  ApacheHttpClient.getWebResourceAsStream(494) - responseCode = 200
2020-06-15 18:00:34 INFO  ApacheHttpClient.getWebResourceAsStream(494) - responseCode = 200
2020-06-15 18:00:35 INFO  ApacheHttpClient.getTask(480) - responseCode = 200
2020-06-15 18:00:59 INFO  ApacheHttpClient.sendEvent(527) - responseCode = 200
2020-06-15 18:01:33 INFO  ApacheHttpClient.getWebResourceAsStream(494) - responseCode = 200
2020-06-15 18:01:34 INFO  ApacheHttpClient.getTask(480) - responseCode = 200
2020-06-15 18:01:34 INFO  ApacheHttpClient.getWebResourceAsStream(494) - responseCode = 200
2020-06-15 18:01:34 INFO  ApacheHttpClient.completed(28) - responseCode = 200
2020-06-15 18:01:34 ERROR TaskCompleted.run(136) - Exception during task verification. : java.lang.NullPointerException
2020-06-15 18:01:37 INFO  ApacheHttpClient.getWebResourceAsStream(494) - responseCode = 200
2020-06-15 18:01:37 INFO  ApacheHttpClient.getFilteredTasks(333) - responseCode = 200
2020-06-15 18:01:39 INFO  ApacheHttpClient.getTaskTemplateInfo(350) - responseCode = 200
2020-06-15 18:01:40 INFO  ApacheHttpClient.getWebResourceAsStream(494) - responseCode = 200
2020-06-15 18:01:53 INFO  ApacheHttpClient.getWebResourceAsStream(494) - responseCode = 200
2020-06-15 18:01:53 INFO  ApacheHttpClient.getTask(480) - responseCode = 200
2020-06-15 18:01:53 INFO  ApacheHttpClient.completed(28) - responseCode = 200
2020-06-15 18:01:53 ERROR TaskCompleted.run(136) - Exception during task verification. : java.lang.NullPointerException
2020-06-15 18:01:53 INFO  ApacheHttpClient.getWebResourceAsStream(494) - responseCode = 200
2020-06-15 18:01:59 INFO  ApacheHttpClient.sendEvent(527) - responseCode = 200
2020-06-15 18:02:59 INFO  ApacheHttpClient.sendEvent(527) - responseCode = 200
2020-06-15 18:03:00 INFO  ApacheHttpClient.getWebResourceAsStream(494) - responseCode = 200
2020-06-15 18:03:00 INFO  ApacheHttpClient.getTask(480) - responseCode = 200
2020-06-15 18:03:00 INFO  ApacheHttpClient.getWebResourceAsStream(494) - responseCode = 200
2020-06-15 18:03:00 INFO  ApacheHttpClient.completed(28) - responseCode = 200
2020-06-15 18:03:01 INFO  ApacheHttpClient.getWebResourceAsStream(494) - responseCode = 200
2020-06-15 18:03:01 INFO  ApacheHttpClient.getTask(480) - responseCode = 200
2020-06-15 18:03:01 ERROR TaskCompleted.run(136) - Exception during task verification. : java.lang.NullPointerException
2020-06-15 18:03:01 INFO  ApacheHttpClient.completed(28) - responseCode = 200
2020-06-15 18:03:01 ERROR TaskCompleted.run(136) - Exception during task verification. : java.lang.NullPointerException
2020-06-15 18:03:01 INFO  ApacheHttpClient.getWebResourceAsStream(494) - responseCode = 200
2020-06-15 18:03:59 INFO  ApacheHttpClient.sendEvent(527) - responseCode = 200
2020-06-15 18:04:26 INFO  ApacheHttpClient.getWebResourceAsStream(494) - responseCode = 200
2020-06-15 18:04:26 INFO  ApacheHttpClient.getTask(480) - responseCode = 200
2020-06-15 18:04:26 INFO  ApacheHttpClient.getWebResourceAsStream(494) - responseCode = 200
2020-06-15 18:04:28 INFO  ApacheHttpClient.completed(28) - responseCode = 200
2020-06-15 18:04:28 INFO  ApacheHttpClient.getTask(480) - responseCode = 200
2020-06-15 18:04:59 INFO  ApacheHttpClient.sendEvent(527) - responseCode = 200
2020-06-15 18:05:25 INFO  ApacheHttpClient.getWebResourceAsStream(494) - responseCode = 200
2020-06-15 18:05:59 INFO  ApacheHttpClient.sendEvent(527) - responseCode = 200
2020-06-15 18:06:59 INFO  ApacheHttpClient.sendEvent(527) - responseCode = 200
2020-06-15 18:07:59 INFO  ApacheHttpClient.sendEvent(527) - responseCode = 200
2020-06-15 18:08:40 INFO  ApacheHttpClient.getWebResourceAsStream(494) - responseCode = 200
2020-06-15 18:08:40 INFO  ApacheHttpClient.getTask(480) - responseCode = 200
2020-06-15 18:08:40 INFO  ApacheHttpClient.completed(28) - responseCode = 400
2020-06-15 18:08:40 WARN  TaskCompleted.run(69) - You already completed this task: "MovieFactory"
2020-06-15 18:08:40 INFO  ApacheHttpClient.getWebResourceAsStream(494) - responseCode = 200
2020-06-15 18:08:44 INFO  ApacheHttpClient.getWebResourceAsStream(494) - responseCode = 200
2020-06-15 18:08:44 INFO  ApacheHttpClient.getFilteredTasks(333) - responseCode = 200
2020-06-15 18:08:46 INFO  ApacheHttpClient.getFilteredTasks(333) - responseCode = 200
2020-06-15 18:08:49 INFO  ApacheHttpClient.getFilteredTasks(333) - responseCode = 200
2020-06-15 18:08:57 INFO  ApacheHttpClient.getFilteredTasks(333) - responseCode = 200
2020-06-15 18:08:59 INFO  ApacheHttpClient.sendEvent(527) - responseCode = 200
2020-06-15 18:09:00 INFO  ApacheHttpClient.getFilteredTasks(333) - responseCode = 200
2020-06-15 18:09:03 INFO  ApacheHttpClient.getTaskTemplateInfo(350) - responseCode = 200
2020-06-15 18:09:09 INFO  ApacheHttpClient.getWebResourceAsStream(494) - responseCode = 200
2020-06-15 18:09:20 INFO  ApacheHttpClient.getWebResourceAsStream(494) - responseCode = 200
2020-06-15 18:09:20 INFO  ApacheHttpClient.getWebResourceAsStream(494) - responseCode = 200
2020-06-15 18:09:20 INFO  ApacheHttpClient.getTask(480) - responseCode = 200
2020-06-15 18:09:22 INFO  ApacheHttpClient.completed(28) - responseCode = 200
2020-06-15 18:09:55 INFO  ApacheHttpClient.getWebResourceAsStream(494) - responseCode = 200
2020-06-15 18:09:55 INFO  ApacheHttpClient.getTask(480) - responseCode = 200
2020-06-15 18:09:55 INFO  ApacheHttpClient.getWebResourceAsStream(494) - responseCode = 200
2020-06-15 18:09:58 INFO  ApacheHttpClient.completed(28) - responseCode = 200
2020-06-15 18:09:59 INFO  ApacheHttpClient.sendEvent(527) - responseCode = 200
2020-06-15 18:10:59 INFO  ApacheHttpClient.sendEvent(527) - responseCode = 200
2020-06-15 18:11:12 INFO  ApacheHttpClient.getWebResourceAsStream(494) - responseCode = 200
2020-06-15 18:11:12 INFO  ApacheHttpClient.getTask(480) - responseCode = 200
2020-06-15 18:11:13 INFO  ApacheHttpClient.getWebResourceAsStream(494) - responseCode = 200
2020-06-15 18:11:13 INFO  ApacheHttpClient.getTask(480) - responseCode = 200
2020-06-15 18:11:13 INFO  ApacheHttpClient.completed(28) - responseCode = 429
2020-06-15 18:11:13 WARN  TaskCompleted.run(73) - The previous task has not been verified. Please wait and try again.
2020-06-15 18:11:14 INFO  ApacheHttpClient.getWebResourceAsStream(494) - responseCode = 200
2020-06-15 18:11:15 INFO  ApacheHttpClient.completed(28) - responseCode = 200
2020-06-15 18:11:15 INFO  ApacheHttpClient.getTask(480) - responseCode = 200
2020-06-15 18:11:16 INFO  ApacheHttpClient.getWebResourceAsStream(494) - responseCode = 200
2020-06-15 18:11:22 INFO  ApacheHttpClient.getWebResourceAsStream(494) - responseCode = 200
2020-06-15 18:11:22 INFO  ApacheHttpClient.getFilteredTasks(333) - responseCode = 200
2020-06-15 18:11:23 INFO  ApacheHttpClient.getTaskTemplateInfo(350) - responseCode = 200
2020-06-15 18:11:27 INFO  ApacheHttpClient.getWebResourceAsStream(494) - responseCode = 200
2020-06-15 18:11:59 INFO  ApacheHttpClient.sendEvent(527) - responseCode = 200
2020-06-15 18:12:59 INFO  ApacheHttpClient.sendEvent(527) - responseCode = 200
2020-06-15 18:13:59 INFO  ApacheHttpClient.sendEvent(527) - responseCode = 200
2020-06-15 18:14:59 INFO  ApacheHttpClient.sendEvent(527) - responseCode = 200
2020-06-15 18:15:04 INFO  ApacheHttpClient.getWebResourceAsStream(494) - responseCode = 200
2020-06-15 18:15:04 INFO  ApacheHttpClient.getTask(480) - responseCode = 200
2020-06-15 18:15:05 INFO  ApacheHttpClient.getWebResourceAsStream(494) - responseCode = 200
2020-06-15 18:15:05 INFO  ApacheHttpClient.completed(28) - responseCode = 200
2020-06-15 18:15:05 INFO  ApacheHttpClient.getTask(480) - responseCode = 200
2020-06-15 18:15:09 INFO  ApacheHttpClient.getWebResourceAsStream(494) - responseCode = 200
2020-06-15 18:15:10 INFO  ApacheHttpClient.getFilteredTasks(333) - responseCode = 200
2020-06-15 18:15:14 INFO  ApacheHttpClient.getTaskTemplateInfo(350) - responseCode = 200
2020-06-15 18:15:14 INFO  ApacheHttpClient.getWebResourceAsStream(494) - responseCode = 200
2020-06-15 18:15:59 INFO  ApacheHttpClient.sendEvent(527) - responseCode = 200
2020-06-15 18:16:59 INFO  ApacheHttpClient.sendEvent(527) - responseCode = 200
2020-06-15 18:17:59 INFO  ApacheHttpClient.sendEvent(527) - responseCode = 200
2020-06-15 18:18:59 INFO  ApacheHttpClient.sendEvent(527) - responseCode = 200
2020-06-15 18:19:59 INFO  ApacheHttpClient.sendEvent(527) - responseCode = 200
2020-06-15 18:20:45 INFO  ApacheHttpClient.getWebResourceAsStream(494) - responseCode = 200
2020-06-15 18:20:45 INFO  ApacheHttpClient.getTask(480) - responseCode = 200
2020-06-15 18:20:45 INFO  ApacheHttpClient.getWebResourceAsStream(494) - responseCode = 200
2020-06-15 18:20:46 INFO  ApacheHttpClient.completed(28) - responseCode = 200
2020-06-15 18:20:46 INFO  ApacheHttpClient.getTask(480) - responseCode = 200
2020-06-15 18:20:49 INFO  ApacheHttpClient.getWebResourceAsStream(494) - responseCode = 200
2020-06-15 18:20:50 INFO  ApacheHttpClient.getFilteredTasks(333) - responseCode = 200
2020-06-15 18:20:52 INFO  ApacheHttpClient.getTaskTemplateInfo(350) - responseCode = 200
2020-06-15 18:20:52 INFO  ApacheHttpClient.getWebResourceAsStream(494) - responseCode = 200
2020-06-15 18:20:59 INFO  ApacheHttpClient.sendEvent(527) - responseCode = 200
2020-06-15 18:21:59 INFO  ApacheHttpClient.sendEvent(527) - responseCode = 200
2020-06-15 18:22:59 INFO  ApacheHttpClient.sendEvent(527) - responseCode = 200
2020-06-15 18:23:59 INFO  ApacheHttpClient.sendEvent(527) - responseCode = 200
2020-06-15 18:24:59 INFO  ApacheHttpClient.sendEvent(527) - responseCode = 200
2020-06-15 18:25:59 INFO  ApacheHttpClient.sendEvent(527) - responseCode = 200
2020-06-15 18:26:59 INFO  ApacheHttpClient.sendEvent(527) - responseCode = 200
2020-06-15 18:27:59 INFO  ApacheHttpClient.sendEvent(527) - responseCode = 200
2020-06-15 18:28:59 INFO  ApacheHttpClient.sendEvent(527) - responseCode = 200
2020-06-15 18:29:59 INFO  ApacheHttpClient.sendEvent(527) - responseCode = 200
2020-06-15 18:30:17 INFO  ApacheHttpClient.getWebResourceAsStream(494) - responseCode = 200
2020-06-15 18:30:17 INFO  ApacheHttpClient.getTask(480) - responseCode = 200
2020-06-15 18:30:17 INFO  ApacheHttpClient.getWebResourceAsStream(494) - responseCode = 200
2020-06-15 18:30:17 INFO  ApacheHttpClient.completed(28) - responseCode = 200
2020-06-15 18:30:17 ERROR TaskCompleted.run(136) - Exception during task verification. : java.lang.NullPointerException
2020-06-15 18:30:24 INFO  ApacheHttpClient.getWebResourceAsStream(494) - responseCode = 200
2020-06-15 18:30:24 INFO  ApacheHttpClient.getTask(480) - responseCode = 200
2020-06-15 18:30:24 INFO  ApacheHttpClient.completed(28) - responseCode = 200
2020-06-15 18:30:24 INFO  ApacheHttpClient.getWebResourceAsStream(494) - responseCode = 200
2020-06-15 18:30:24 ERROR TaskCompleted.run(136) - Exception during task verification. : java.lang.NullPointerException
2020-06-15 18:30:33 INFO  ApacheHttpClient.getWebResourceAsStream(494) - responseCode = 200
2020-06-15 18:30:33 INFO  ApacheHttpClient.getTask(480) - responseCode = 200
2020-06-15 18:30:33 INFO  ApacheHttpClient.completed(28) - responseCode = 200
2020-06-15 18:30:33 ERROR TaskCompleted.run(136) - Exception during task verification. : java.lang.NullPointerException
2020-06-15 18:30:33 INFO  ApacheHttpClient.getWebResourceAsStream(494) - responseCode = 200
2020-06-15 18:30:35 INFO  ApacheHttpClient.getWebResourceAsStream(494) - responseCode = 200
2020-06-15 18:30:35 INFO  ApacheHttpClient.getTask(480) - responseCode = 200
2020-06-15 18:30:59 INFO  ApacheHttpClient.sendEvent(527) - responseCode = 200
2020-06-15 18:31:59 INFO  ApacheHttpClient.sendEvent(527) - responseCode = 200
2020-06-15 18:32:59 INFO  ApacheHttpClient.sendEvent(527) - responseCode = 200
2020-06-15 18:33:59 INFO  ApacheHttpClient.sendEvent(527) - responseCode = 200
2020-06-15 18:34:59 INFO  ApacheHttpClient.sendEvent(527) - responseCode = 200
2020-06-15 18:35:59 INFO  ApacheHttpClient.sendEvent(527) - responseCode = 200
2020-06-15 18:36:09 INFO  ApacheHttpClient.getWebResourceAsStream(494) - responseCode = 200
2020-06-15 18:36:09 INFO  ApacheHttpClient.getTask(480) - responseCode = 200
2020-06-15 18:36:10 INFO  ApacheHttpClient.getWebResourceAsStream(494) - responseCode = 200
2020-06-15 18:36:10 INFO  ApacheHttpClient.completed(28) - responseCode = 200
2020-06-15 18:36:10 ERROR TaskCompleted.run(136) - Exception during task verification. : java.lang.NullPointerException
2020-06-15 18:36:38 INFO  ApacheHttpClient.getWebResourceAsStream(494) - responseCode = 200
2020-06-15 18:36:39 INFO  ApacheHttpClient.completed(28) - responseCode = 200
2020-06-15 18:36:39 INFO  ApacheHttpClient.getTask(480) - responseCode = 200
2020-06-15 18:36:39 ERROR TaskCompleted.run(136) - Exception during task verification. : java.lang.NullPointerException
2020-06-15 18:36:39 INFO  ApacheHttpClient.getWebResourceAsStream(494) - responseCode = 200
2020-06-15 18:36:53 INFO  ApacheHttpClient.getWebResourceAsStream(494) - responseCode = 200
2020-06-15 18:36:53 INFO  ApacheHttpClient.getTask(480) - responseCode = 200
2020-06-15 18:36:53 INFO  ApacheHttpClient.completed(28) - responseCode = 200
2020-06-15 18:36:53 ERROR TaskCompleted.run(136) - Exception during task verification. : java.lang.NullPointerException
2020-06-15 18:36:53 INFO  ApacheHttpClient.getWebResourceAsStream(494) - responseCode = 200
2020-06-15 18:36:56 INFO  ApacheHttpClient.getWebResourceAsStream(494) - responseCode = 200
2020-06-15 18:36:56 INFO  ApacheHttpClient.getTask(480) - responseCode = 200
2020-06-15 18:36:56 INFO  ApacheHttpClient.completed(28) - responseCode = 200
2020-06-15 18:36:56 ERROR TaskCompleted.run(136) - Exception during task verification. : java.lang.NullPointerException
2020-06-15 18:36:56 INFO  ApacheHttpClient.getWebResourceAsStream(494) - responseCode = 200
2020-06-15 18:36:59 INFO  ApacheHttpClient.sendEvent(527) - responseCode = 200
2020-06-15 18:37:04 INFO  ApacheHttpClient.getWebResourceAsStream(494) - responseCode = 200
2020-06-15 18:37:04 INFO  ApacheHttpClient.getTask(480) - responseCode = 200
2020-06-15 18:37:04 INFO  ApacheHttpClient.getWebResourceAsStream(494) - responseCode = 200
2020-06-15 18:37:05 INFO  ApacheHttpClient.completed(28) - responseCode = 200
2020-06-15 18:37:05 INFO  ApacheHttpClient.getTask(480) - responseCode = 200
2020-06-15 18:37:09 INFO  ApacheHttpClient.getWebResourceAsStream(494) - responseCode = 200
2020-06-15 18:37:09 INFO  ApacheHttpClient.getFilteredTasks(333) - responseCode = 200
2020-06-15 18:37:55 INFO  ApacheHttpClient.getWebResourceAsStream(494) - responseCode = 200
2020-06-15 18:37:55 INFO  ApacheHttpClient.getFilteredTasks(333) - responseCode = 200
2020-06-15 18:37:59 INFO  ApacheHttpClient.sendEvent(527) - responseCode = 200
2020-06-15 18:38:04 INFO  ApacheHttpClient.getTaskTemplateInfo(350) - responseCode = 200
2020-06-15 18:38:04 INFO  ApacheHttpClient.getWebResourceAsStream(494) - responseCode = 200
2020-06-15 18:38:59 INFO  ApacheHttpClient.sendEvent(527) - responseCode = 200
2020-06-15 18:39:59 INFO  ApacheHttpClient.sendEvent(527) - responseCode = 200
2020-06-15 18:40:59 INFO  ApacheHttpClient.sendEvent(527) - responseCode = 200
2020-06-15 18:41:59 INFO  ApacheHttpClient.sendEvent(527) - responseCode = 200
2020-06-15 18:42:59 INFO  ApacheHttpClient.sendEvent(527) - responseCode = 200
2020-06-15 18:43:59 INFO  ApacheHttpClient.sendEvent(527) - responseCode = 200
2020-06-15 18:44:59 INFO  ApacheHttpClient.sendEvent(527) - responseCode = 200
2020-06-15 18:45:17 INFO  ApacheHttpClient.getWebResourceAsStream(494) - responseCode = 200
2020-06-15 18:45:17 INFO  ApacheHttpClient.getTask(480) - responseCode = 200
2020-06-15 18:45:18 INFO  ApacheHttpClient.getWebResourceAsStream(494) - responseCode = 200
2020-06-15 18:45:19 INFO  ApacheHttpClient.completed(28) - responseCode = 200
2020-06-15 18:45:51 INFO  ApacheHttpClient.getWebResourceAsStream(494) - responseCode = 200
2020-06-15 18:45:51 INFO  ApacheHttpClient.getTask(480) - responseCode = 200
2020-06-15 18:45:51 INFO  ApacheHttpClient.getWebResourceAsStream(494) - responseCode = 200
2020-06-15 18:45:52 INFO  ApacheHttpClient.completed(28) - responseCode = 200
2020-06-15 18:45:52 INFO  ApacheHttpClient.getTask(480) - responseCode = 200
2020-06-15 18:45:55 INFO  ApacheHttpClient.getWebResourceAsStream(494) - responseCode = 200
2020-06-15 18:45:55 INFO  ApacheHttpClient.getFilteredTasks(333) - responseCode = 200
2020-06-15 18:45:57 INFO  ApacheHttpClient.getTaskTemplateInfo(350) - responseCode = 200
2020-06-15 18:45:58 INFO  ApacheHttpClient.getWebResourceAsStream(494) - responseCode = 200
2020-06-15 18:45:59 INFO  ApacheHttpClient.sendEvent(527) - responseCode = 200
2020-06-15 18:46:59 INFO  ApacheHttpClient.sendEvent(527) - responseCode = 200
2020-06-15 18:47:59 INFO  ApacheHttpClient.sendEvent(527) - responseCode = 200
2020-06-15 18:48:59 INFO  ApacheHttpClient.sendEvent(527) - responseCode = 200
2020-06-15 18:49:59 INFO  ApacheHttpClient.sendEvent(527) - responseCode = 200
2020-06-15 18:50:59 INFO  ApacheHttpClient.sendEvent(527) - responseCode = 200
2020-06-15 18:51:59 INFO  ApacheHttpClient.sendEvent(527) - responseCode = 200
2020-06-15 18:52:25 INFO  ApacheHttpClient.getWebResourceAsStream(494) - responseCode = 200
2020-06-15 18:52:26 INFO  ApacheHttpClient.getTask(480) - responseCode = 200
2020-06-15 18:52:26 INFO  ApacheHttpClient.getWebResourceAsStream(494) - responseCode = 200
2020-06-15 18:52:27 INFO  ApacheHttpClient.completed(28) - responseCode = 200
2020-06-15 18:52:59 INFO  ApacheHttpClient.sendEvent(527) - responseCode = 200
2020-06-15 18:53:48 INFO  ApacheHttpClient.getWebResourceAsStream(494) - responseCode = 200
2020-06-15 18:53:48 INFO  ApacheHttpClient.getTask(480) - responseCode = 200
2020-06-15 18:53:48 INFO  ApacheHttpClient.getWebResourceAsStream(494) - responseCode = 200
2020-06-15 18:53:49 INFO  ApacheHttpClient.completed(28) - responseCode = 200
2020-06-15 18:53:49 INFO  ApacheHttpClient.getTask(480) - responseCode = 200
2020-06-15 18:53:52 INFO  ApacheHttpClient.getWebResourceAsStream(494) - responseCode = 200
2020-06-15 18:53:52 INFO  ApacheHttpClient.getFilteredTasks(333) - responseCode = 200
2020-06-15 18:53:54 INFO  ApacheHttpClient.getTaskTemplateInfo(350) - responseCode = 200
2020-06-15 18:53:55 INFO  ApacheHttpClient.getWebResourceAsStream(494) - responseCode = 200
2020-06-15 18:53:59 INFO  ApacheHttpClient.sendEvent(527) - responseCode = 200
2020-06-15 18:54:59 INFO  ApacheHttpClient.sendEvent(527) - responseCode = 200
2020-06-15 18:55:59 INFO  ApacheHttpClient.sendEvent(527) - responseCode = 200
2020-06-15 18:56:59 INFO  ApacheHttpClient.sendEvent(527) - responseCode = 200
2020-06-15 18:57:59 INFO  ApacheHttpClient.sendEvent(527) - responseCode = 200
2020-06-15 18:58:59 INFO  ApacheHttpClient.sendEvent(527) - responseCode = 200
2020-06-15 18:59:59 INFO  ApacheHttpClient.sendEvent(527) - responseCode = 200
2020-06-15 19:00:59 INFO  ApacheHttpClient.sendEvent(527) - responseCode = 200
2020-06-15 19:01:59 INFO  ApacheHttpClient.sendEvent(527) - responseCode = 200
2020-06-15 19:02:59 INFO  ApacheHttpClient.sendEvent(527) - responseCode = 200
2020-06-15 19:03:59 INFO  ApacheHttpClient.sendEvent(527) - responseCode = 200
2020-06-15 19:04:52 INFO  ApacheHttpClient.getWebResourceAsStream(494) - responseCode = 200
2020-06-15 19:04:52 INFO  ApacheHttpClient.getTask(480) - responseCode = 200
2020-06-15 19:04:53 INFO  ApacheHttpClient.getWebResourceAsStream(494) - responseCode = 200
2020-06-15 19:04:54 INFO  ApacheHttpClient.completed(28) - responseCode = 200
2020-06-15 19:04:59 INFO  ApacheHttpClient.sendEvent(527) - responseCode = 200
2020-06-15 19:05:35 INFO  ApacheHttpClient.getWebResourceAsStream(494) - responseCode = 200
2020-06-15 19:05:35 INFO  ApacheHttpClient.getTask(480) - responseCode = 200
2020-06-15 19:05:35 INFO  ApacheHttpClient.getWebResourceAsStream(494) - responseCode = 200
2020-06-15 19:05:37 INFO  ApacheHttpClient.completed(28) - responseCode = 200
2020-06-15 19:05:37 INFO  ApacheHttpClient.getTask(480) - responseCode = 200
2020-06-15 19:05:59 INFO  ApacheHttpClient.sendEvent(527) - responseCode = 200
2020-06-15 19:06:59 INFO  ApacheHttpClient.sendEvent(527) - responseCode = 200
2020-06-15 19:07:59 INFO  ApacheHttpClient.sendEvent(527) - responseCode = 200
2020-06-15 19:08:49 INFO  ApacheHttpClient.getWebResourceAsStream(494) - responseCode = 200
2020-06-15 19:08:49 INFO  ApacheHttpClient.getFilteredTasks(333) - responseCode = 200
2020-06-15 19:08:59 INFO  ApacheHttpClient.sendEvent(527) - responseCode = 200
2020-06-15 19:09:59 INFO  ApacheHttpClient.sendEvent(527) - responseCode = 200
